11:28:13.172 [INFO] [org.gradle.launcher.daemon.server.Daemon] start() called on daemon - DefaultDaemonContext[uid=ca136a1f-90dd-4510-8fa3-9a6526258a0e,javaHome=C:\Program Files\Java\jdk1.7.0_71,daemonRegistryDir=C:\Users\Ana\Documents\GitHub\cardboard-java\gradle\daemon,pid=5356,idleTimeout=10800000,daemonOpts=-XX:MaxPermSize=256m,-XX:+HeapDumpOnOutOfMemoryError,-Xmx1024m,-Dfile.encoding=windows-1252,-Duser.country=US,-Duser.language=en,-Duser.variant]
11:28:13.189 [DEBUG] [org.gradle.launcher.daemon.server.DaemonStateCoordinator] updating lastActivityAt to 1422721693189
11:28:13.505 [DEBUG] [org.gradle.messaging.remote.internal.inet.InetAddressFactory] Adding IP addresses for network interface Software Loopback Interface 1
11:28:13.508 [DEBUG] [org.gradle.messaging.remote.internal.inet.InetAddressFactory] Is this a loopback interface? true
11:28:13.512 [DEBUG] [org.gradle.messaging.remote.internal.inet.InetAddressFactory] Is this a multicast interface? true
11:28:13.513 [DEBUG] [org.gradle.messaging.remote.internal.inet.InetAddressFactory] Adding loopback address /127.0.0.1
11:28:13.513 [DEBUG] [org.gradle.messaging.remote.internal.inet.InetAddressFactory] Adding loopback address /0:0:0:0:0:0:0:1
11:28:13.515 [DEBUG] [org.gradle.messaging.remote.internal.inet.InetAddressFactory] Adding loopback multicast interface Software Loopback Interface 1
11:28:13.515 [DEBUG] [org.gradle.messaging.remote.internal.inet.InetAddressFactory] Adding IP addresses for network interface WAN Miniport (L2TP)
11:28:13.519 [DEBUG] [org.gradle.messaging.remote.internal.inet.InetAddressFactory] Is this a loopback interface? false
11:28:13.526 [DEBUG] [org.gradle.messaging.remote.internal.inet.InetAddressFactory] Is this a multicast interface? true
11:28:13.527 [DEBUG] [org.gradle.messaging.remote.internal.inet.InetAddressFactory] Adding loopback multicast interface WAN Miniport (L2TP)
11:28:13.527 [DEBUG] [org.gradle.messaging.remote.internal.inet.InetAddressFactory] Adding IP addresses for network interface WAN Miniport (SSTP)
11:28:13.530 [DEBUG] [org.gradle.messaging.remote.internal.inet.InetAddressFactory] Is this a loopback interface? false
11:28:13.533 [DEBUG] [org.gradle.messaging.remote.internal.inet.InetAddressFactory] Is this a multicast interface? true
11:28:13.534 [DEBUG] [org.gradle.messaging.remote.internal.inet.InetAddressFactory] Adding loopback multicast interface WAN Miniport (SSTP)
11:28:13.536 [DEBUG] [org.gradle.messaging.remote.internal.inet.InetAddressFactory] Adding IP addresses for network interface WAN Miniport (IKEv2)
11:28:13.540 [DEBUG] [org.gradle.messaging.remote.internal.inet.InetAddressFactory] Is this a loopback interface? false
11:28:13.543 [DEBUG] [org.gradle.messaging.remote.internal.inet.InetAddressFactory] Is this a multicast interface? true
11:28:13.544 [DEBUG] [org.gradle.messaging.remote.internal.inet.InetAddressFactory] Adding loopback multicast interface WAN Miniport (IKEv2)
11:28:13.545 [DEBUG] [org.gradle.messaging.remote.internal.inet.InetAddressFactory] Adding IP addresses for network interface WAN Miniport (PPTP)
11:28:13.548 [DEBUG] [org.gradle.messaging.remote.internal.inet.InetAddressFactory] Is this a loopback interface? false
11:28:13.552 [DEBUG] [org.gradle.messaging.remote.internal.inet.InetAddressFactory] Is this a multicast interface? true
11:28:13.554 [DEBUG] [org.gradle.messaging.remote.internal.inet.InetAddressFactory] Adding loopback multicast interface WAN Miniport (PPTP)
11:28:13.554 [DEBUG] [org.gradle.messaging.remote.internal.inet.InetAddressFactory] Adding IP addresses for network interface WAN Miniport (PPPOE)
11:28:13.558 [DEBUG] [org.gradle.messaging.remote.internal.inet.InetAddressFactory] Is this a loopback interface? false
11:28:13.561 [DEBUG] [org.gradle.messaging.remote.internal.inet.InetAddressFactory] Is this a multicast interface? true
11:28:13.563 [DEBUG] [org.gradle.messaging.remote.internal.inet.InetAddressFactory] Adding loopback multicast interface WAN Miniport (PPPOE)
11:28:13.564 [DEBUG] [org.gradle.messaging.remote.internal.inet.InetAddressFactory] Adding IP addresses for network interface WAN Miniport (IP)
11:28:13.568 [DEBUG] [org.gradle.messaging.remote.internal.inet.InetAddressFactory] Is this a loopback interface? false
11:28:13.572 [DEBUG] [org.gradle.messaging.remote.internal.inet.InetAddressFactory] Is this a multicast interface? true
11:28:13.572 [DEBUG] [org.gradle.messaging.remote.internal.inet.InetAddressFactory] Adding loopback multicast interface WAN Miniport (IP)
11:28:13.573 [DEBUG] [org.gradle.messaging.remote.internal.inet.InetAddressFactory] Adding IP addresses for network interface WAN Miniport (IPv6)
11:28:13.576 [DEBUG] [org.gradle.messaging.remote.internal.inet.InetAddressFactory] Is this a loopback interface? false
11:28:13.590 [DEBUG] [org.gradle.messaging.remote.internal.inet.InetAddressFactory] Is this a multicast interface? true
11:28:13.591 [DEBUG] [org.gradle.messaging.remote.internal.inet.InetAddressFactory] Adding loopback multicast interface WAN Miniport (IPv6)
11:28:13.591 [DEBUG] [org.gradle.messaging.remote.internal.inet.InetAddressFactory] Adding IP addresses for network interface WAN Miniport (Network Monitor)
11:28:13.596 [DEBUG] [org.gradle.messaging.remote.internal.inet.InetAddressFactory] Is this a loopback interface? false
11:28:13.601 [DEBUG] [org.gradle.messaging.remote.internal.inet.InetAddressFactory] Is this a multicast interface? true
11:28:13.601 [DEBUG] [org.gradle.messaging.remote.internal.inet.InetAddressFactory] Adding loopback multicast interface WAN Miniport (Network Monitor)
11:28:13.602 [DEBUG] [org.gradle.messaging.remote.internal.inet.InetAddressFactory] Adding IP addresses for network interface Microsoft Kernel Debug Network Adapter
11:28:13.607 [DEBUG] [org.gradle.messaging.remote.internal.inet.InetAddressFactory] Is this a loopback interface? false
11:28:13.611 [DEBUG] [org.gradle.messaging.remote.internal.inet.InetAddressFactory] Is this a multicast interface? true
11:28:13.613 [DEBUG] [org.gradle.messaging.remote.internal.inet.InetAddressFactory] Adding loopback multicast interface Microsoft Kernel Debug Network Adapter
11:28:13.614 [DEBUG] [org.gradle.messaging.remote.internal.inet.InetAddressFactory] Adding IP addresses for network interface RAS Async Adapter
11:28:13.619 [DEBUG] [org.gradle.messaging.remote.internal.inet.InetAddressFactory] Is this a loopback interface? false
11:28:13.623 [DEBUG] [org.gradle.messaging.remote.internal.inet.InetAddressFactory] Is this a multicast interface? true
11:28:13.625 [DEBUG] [org.gradle.messaging.remote.internal.inet.InetAddressFactory] Adding loopback multicast interface RAS Async Adapter
11:28:13.625 [DEBUG] [org.gradle.messaging.remote.internal.inet.InetAddressFactory] Adding IP addresses for network interface Broadcom 802.11n Network Adapter
11:28:13.635 [DEBUG] [org.gradle.messaging.remote.internal.inet.InetAddressFactory] Is this a loopback interface? false
11:28:13.638 [DEBUG] [org.gradle.messaging.remote.internal.inet.InetAddressFactory] Is this a multicast interface? true
11:28:13.639 [DEBUG] [org.gradle.messaging.remote.internal.inet.InetAddressFactory] Adding remote address /192.168.100.10
11:28:13.640 [DEBUG] [org.gradle.messaging.remote.internal.inet.InetAddressFactory] Adding remote address /fe80:0:0:0:b879:82be:828a:3bac%12
11:28:13.641 [DEBUG] [org.gradle.messaging.remote.internal.inet.InetAddressFactory] Adding remote multicast interface Broadcom 802.11n Network Adapter
11:28:13.642 [DEBUG] [org.gradle.messaging.remote.internal.inet.InetAddressFactory] Adding IP addresses for network interface Microsoft Wi-Fi Direct Virtual Adapter
11:28:13.647 [DEBUG] [org.gradle.messaging.remote.internal.inet.InetAddressFactory] Is this a loopback interface? false
11:28:13.656 [DEBUG] [org.gradle.messaging.remote.internal.inet.InetAddressFactory] Is this a multicast interface? true
11:28:13.656 [DEBUG] [org.gradle.messaging.remote.internal.inet.InetAddressFactory] Adding loopback multicast interface Microsoft Wi-Fi Direct Virtual Adapter
11:28:13.657 [DEBUG] [org.gradle.messaging.remote.internal.inet.InetAddressFactory] Adding IP addresses for network interface Microsoft ISATAP Adapter
11:28:13.660 [DEBUG] [org.gradle.messaging.remote.internal.inet.InetAddressFactory] Is this a loopback interface? false
11:28:13.663 [DEBUG] [org.gradle.messaging.remote.internal.inet.InetAddressFactory] Is this a multicast interface? true
11:28:13.663 [DEBUG] [org.gradle.messaging.remote.internal.inet.InetAddressFactory] Adding loopback multicast interface Microsoft ISATAP Adapter
11:28:13.664 [DEBUG] [org.gradle.messaging.remote.internal.inet.InetAddressFactory] Adding IP addresses for network interface Teredo Tunneling Pseudo-Interface
11:28:13.667 [DEBUG] [org.gradle.messaging.remote.internal.inet.InetAddressFactory] Is this a loopback interface? false
11:28:13.708 [DEBUG] [org.gradle.messaging.remote.internal.inet.InetAddressFactory] Is this a multicast interface? false
11:28:13.709 [DEBUG] [org.gradle.messaging.remote.internal.inet.InetAddressFactory] Adding remote address /fe80:0:0:0:247c:e22b:9708:ddfd%15
11:28:13.710 [DEBUG] [org.gradle.messaging.remote.internal.inet.InetAddressFactory] Adding IP addresses for network interface Bluetooth Device (Personal Area Network)
11:28:13.714 [DEBUG] [org.gradle.messaging.remote.internal.inet.InetAddressFactory] Is this a loopback interface? false
11:28:13.726 [DEBUG] [org.gradle.messaging.remote.internal.inet.InetAddressFactory] Is this a multicast interface? true
11:28:13.728 [DEBUG] [org.gradle.messaging.remote.internal.inet.InetAddressFactory] Adding remote address /fe80:0:0:0:4cd7:7b61:1005:446e%16
11:28:13.729 [DEBUG] [org.gradle.messaging.remote.internal.inet.InetAddressFactory] Adding remote multicast interface Bluetooth Device (Personal Area Network)
11:28:13.730 [DEBUG] [org.gradle.messaging.remote.internal.inet.InetAddressFactory] Adding IP addresses for network interface Bluetooth Device (RFCOMM Protocol TDI)
11:28:13.733 [DEBUG] [org.gradle.messaging.remote.internal.inet.InetAddressFactory] Is this a loopback interface? false
11:28:13.738 [DEBUG] [org.gradle.messaging.remote.internal.inet.InetAddressFactory] Is this a multicast interface? true
11:28:13.740 [DEBUG] [org.gradle.messaging.remote.internal.inet.InetAddressFactory] Adding loopback multicast interface Bluetooth Device (RFCOMM Protocol TDI)
11:28:13.740 [DEBUG] [org.gradle.messaging.remote.internal.inet.InetAddressFactory] Adding IP addresses for network interface Microsoft ISATAP Adapter #2
11:28:13.744 [DEBUG] [org.gradle.messaging.remote.internal.inet.InetAddressFactory] Is this a loopback interface? false
11:28:13.748 [DEBUG] [org.gradle.messaging.remote.internal.inet.InetAddressFactory] Is this a multicast interface? false
11:28:13.749 [DEBUG] [org.gradle.messaging.remote.internal.inet.InetAddressFactory] Adding remote address /fe80:0:0:0:0:5efe:c0a8:640a%18
11:28:13.757 [DEBUG] [org.gradle.messaging.remote.internal.inet.InetAddressFactory] Adding IP addresses for network interface Microsoft 6to4 Adapter
11:28:13.763 [DEBUG] [org.gradle.messaging.remote.internal.inet.InetAddressFactory] Is this a loopback interface? false
11:28:13.766 [DEBUG] [org.gradle.messaging.remote.internal.inet.InetAddressFactory] Is this a multicast interface? true
11:28:13.768 [DEBUG] [org.gradle.messaging.remote.internal.inet.InetAddressFactory] Adding loopback multicast interface Microsoft 6to4 Adapter
11:28:13.772 [DEBUG] [org.gradle.messaging.remote.internal.inet.InetAddressFactory] Adding IP addresses for network interface Microsoft ISATAP Adapter #3
11:28:13.778 [DEBUG] [org.gradle.messaging.remote.internal.inet.InetAddressFactory] Is this a loopback interface? false
11:28:13.786 [DEBUG] [org.gradle.messaging.remote.internal.inet.InetAddressFactory] Is this a multicast interface? true
11:28:13.787 [DEBUG] [org.gradle.messaging.remote.internal.inet.InetAddressFactory] Adding loopback multicast interface Microsoft ISATAP Adapter #3
11:28:13.788 [DEBUG] [org.gradle.messaging.remote.internal.inet.InetAddressFactory] Adding IP addresses for network interface NVIDIA nForce Networking Controller
11:28:13.810 [DEBUG] [org.gradle.messaging.remote.internal.inet.InetAddressFactory] Is this a loopback interface? false
11:28:13.816 [DEBUG] [org.gradle.messaging.remote.internal.inet.InetAddressFactory] Is this a multicast interface? true
11:28:13.817 [DEBUG] [org.gradle.messaging.remote.internal.inet.InetAddressFactory] Adding remote address /fe80:0:0:0:c4a:72ec:e936:d900%21
11:28:13.818 [DEBUG] [org.gradle.messaging.remote.internal.inet.InetAddressFactory] Adding remote multicast interface NVIDIA nForce Networking Controller
11:28:13.819 [DEBUG] [org.gradle.messaging.remote.internal.inet.InetAddressFactory] Adding IP addresses for network interface Microsoft ISATAP Adapter #4
11:28:13.825 [DEBUG] [org.gradle.messaging.remote.internal.inet.InetAddressFactory] Is this a loopback interface? false
11:28:13.839 [DEBUG] [org.gradle.messaging.remote.internal.inet.InetAddressFactory] Is this a multicast interface? true
11:28:13.840 [DEBUG] [org.gradle.messaging.remote.internal.inet.InetAddressFactory] Adding loopback multicast interface Microsoft ISATAP Adapter #4
11:28:13.841 [DEBUG] [org.gradle.messaging.remote.internal.inet.InetAddressFactory] Adding IP addresses for network interface Microsoft ISATAP Adapter #5
11:28:13.851 [DEBUG] [org.gradle.messaging.remote.internal.inet.InetAddressFactory] Is this a loopback interface? false
11:28:13.856 [DEBUG] [org.gradle.messaging.remote.internal.inet.InetAddressFactory] Is this a multicast interface? true
11:28:13.857 [DEBUG] [org.gradle.messaging.remote.internal.inet.InetAddressFactory] Adding loopback multicast interface Microsoft ISATAP Adapter #5
11:28:13.859 [DEBUG] [org.gradle.messaging.remote.internal.inet.InetAddressFactory] Adding IP addresses for network interface Microsoft ISATAP Adapter #6
11:28:13.865 [DEBUG] [org.gradle.messaging.remote.internal.inet.InetAddressFactory] Is this a loopback interface? false
11:28:13.869 [DEBUG] [org.gradle.messaging.remote.internal.inet.InetAddressFactory] Is this a multicast interface? true
11:28:13.870 [DEBUG] [org.gradle.messaging.remote.internal.inet.InetAddressFactory] Adding loopback multicast interface Microsoft ISATAP Adapter #6
11:28:13.870 [DEBUG] [org.gradle.messaging.remote.internal.inet.InetAddressFactory] Adding IP addresses for network interface Microsoft ISATAP Adapter #7
11:28:13.874 [DEBUG] [org.gradle.messaging.remote.internal.inet.InetAddressFactory] Is this a loopback interface? false
11:28:13.878 [DEBUG] [org.gradle.messaging.remote.internal.inet.InetAddressFactory] Is this a multicast interface? true
11:28:13.878 [DEBUG] [org.gradle.messaging.remote.internal.inet.InetAddressFactory] Adding loopback multicast interface Microsoft ISATAP Adapter #7
11:28:13.879 [DEBUG] [org.gradle.messaging.remote.internal.inet.InetAddressFactory] Adding IP addresses for network interface Microsoft ISATAP Adapter #8
11:28:13.883 [DEBUG] [org.gradle.messaging.remote.internal.inet.InetAddressFactory] Is this a loopback interface? false
11:28:13.888 [DEBUG] [org.gradle.messaging.remote.internal.inet.InetAddressFactory] Is this a multicast interface? true
11:28:13.888 [DEBUG] [org.gradle.messaging.remote.internal.inet.InetAddressFactory] Adding loopback multicast interface Microsoft ISATAP Adapter #8
11:28:13.889 [DEBUG] [org.gradle.messaging.remote.internal.inet.InetAddressFactory] Adding IP addresses for network interface Microsoft ISATAP Adapter #9
11:28:13.895 [DEBUG] [org.gradle.messaging.remote.internal.inet.InetAddressFactory] Is this a loopback interface? false
11:28:13.899 [DEBUG] [org.gradle.messaging.remote.internal.inet.InetAddressFactory] Is this a multicast interface? true
11:28:13.900 [DEBUG] [org.gradle.messaging.remote.internal.inet.InetAddressFactory] Adding loopback multicast interface Microsoft ISATAP Adapter #9
11:28:13.900 [DEBUG] [org.gradle.messaging.remote.internal.inet.InetAddressFactory] Adding IP addresses for network interface Microsoft ISATAP Adapter #10
11:28:13.904 [DEBUG] [org.gradle.messaging.remote.internal.inet.InetAddressFactory] Is this a loopback interface? false
11:28:13.909 [DEBUG] [org.gradle.messaging.remote.internal.inet.InetAddressFactory] Is this a multicast interface? true
11:28:13.912 [DEBUG] [org.gradle.messaging.remote.internal.inet.InetAddressFactory] Adding loopback multicast interface Microsoft ISATAP Adapter #10
11:28:13.913 [DEBUG] [org.gradle.messaging.remote.internal.inet.InetAddressFactory] Adding IP addresses for network interface Microsoft ISATAP Adapter #11
11:28:13.922 [DEBUG] [org.gradle.messaging.remote.internal.inet.InetAddressFactory] Is this a loopback interface? false
11:28:13.926 [DEBUG] [org.gradle.messaging.remote.internal.inet.InetAddressFactory] Is this a multicast interface? true
11:28:13.927 [DEBUG] [org.gradle.messaging.remote.internal.inet.InetAddressFactory] Adding loopback multicast interface Microsoft ISATAP Adapter #11
11:28:13.928 [DEBUG] [org.gradle.messaging.remote.internal.inet.InetAddressFactory] Adding IP addresses for network interface Microsoft ISATAP Adapter #12
11:28:13.932 [DEBUG] [org.gradle.messaging.remote.internal.inet.InetAddressFactory] Is this a loopback interface? false
11:28:13.936 [DEBUG] [org.gradle.messaging.remote.internal.inet.InetAddressFactory] Is this a multicast interface? true
11:28:13.936 [DEBUG] [org.gradle.messaging.remote.internal.inet.InetAddressFactory] Adding loopback multicast interface Microsoft ISATAP Adapter #12
11:28:13.937 [DEBUG] [org.gradle.messaging.remote.internal.inet.InetAddressFactory] Adding IP addresses for network interface Microsoft ISATAP Adapter #13
11:28:13.940 [DEBUG] [org.gradle.messaging.remote.internal.inet.InetAddressFactory] Is this a loopback interface? false
11:28:13.944 [DEBUG] [org.gradle.messaging.remote.internal.inet.InetAddressFactory] Is this a multicast interface? true
11:28:13.945 [DEBUG] [org.gradle.messaging.remote.internal.inet.InetAddressFactory] Adding loopback multicast interface Microsoft ISATAP Adapter #13
11:28:13.947 [DEBUG] [org.gradle.messaging.remote.internal.inet.InetAddressFactory] Adding IP addresses for network interface Microsoft ISATAP Adapter #14
11:28:13.951 [DEBUG] [org.gradle.messaging.remote.internal.inet.InetAddressFactory] Is this a loopback interface? false
11:28:13.956 [DEBUG] [org.gradle.messaging.remote.internal.inet.InetAddressFactory] Is this a multicast interface? true
11:28:13.957 [DEBUG] [org.gradle.messaging.remote.internal.inet.InetAddressFactory] Adding loopback multicast interface Microsoft ISATAP Adapter #14
11:28:13.957 [DEBUG] [org.gradle.messaging.remote.internal.inet.InetAddressFactory] Adding IP addresses for network interface Microsoft ISATAP Adapter #15
11:28:13.961 [DEBUG] [org.gradle.messaging.remote.internal.inet.InetAddressFactory] Is this a loopback interface? false
11:28:13.965 [DEBUG] [org.gradle.messaging.remote.internal.inet.InetAddressFactory] Is this a multicast interface? true
11:28:13.965 [DEBUG] [org.gradle.messaging.remote.internal.inet.InetAddressFactory] Adding loopback multicast interface Microsoft ISATAP Adapter #15
11:28:13.966 [DEBUG] [org.gradle.messaging.remote.internal.inet.InetAddressFactory] Adding IP addresses for network interface Microsoft ISATAP Adapter #16
11:28:13.970 [DEBUG] [org.gradle.messaging.remote.internal.inet.InetAddressFactory] Is this a loopback interface? false
11:28:13.976 [DEBUG] [org.gradle.messaging.remote.internal.inet.InetAddressFactory] Is this a multicast interface? true
11:28:13.978 [DEBUG] [org.gradle.messaging.remote.internal.inet.InetAddressFactory] Adding loopback multicast interface Microsoft ISATAP Adapter #16
11:28:13.979 [DEBUG] [org.gradle.messaging.remote.internal.inet.InetAddressFactory] Adding IP addresses for network interface Microsoft ISATAP Adapter #17
11:28:13.986 [DEBUG] [org.gradle.messaging.remote.internal.inet.InetAddressFactory] Is this a loopback interface? false
11:28:13.996 [DEBUG] [org.gradle.messaging.remote.internal.inet.InetAddressFactory] Is this a multicast interface? true
11:28:13.997 [DEBUG] [org.gradle.messaging.remote.internal.inet.InetAddressFactory] Adding loopback multicast interface Microsoft ISATAP Adapter #17
11:28:13.997 [DEBUG] [org.gradle.messaging.remote.internal.inet.InetAddressFactory] Adding IP addresses for network interface Microsoft ISATAP Adapter #18
11:28:14.001 [DEBUG] [org.gradle.messaging.remote.internal.inet.InetAddressFactory] Is this a loopback interface? false
11:28:14.010 [DEBUG] [org.gradle.messaging.remote.internal.inet.InetAddressFactory] Is this a multicast interface? true
11:28:14.010 [DEBUG] [org.gradle.messaging.remote.internal.inet.InetAddressFactory] Adding loopback multicast interface Microsoft ISATAP Adapter #18
11:28:14.011 [DEBUG] [org.gradle.messaging.remote.internal.inet.InetAddressFactory] Adding IP addresses for network interface Microsoft ISATAP Adapter #19
11:28:14.014 [DEBUG] [org.gradle.messaging.remote.internal.inet.InetAddressFactory] Is this a loopback interface? false
11:28:14.029 [DEBUG] [org.gradle.messaging.remote.internal.inet.InetAddressFactory] Is this a multicast interface? true
11:28:14.030 [DEBUG] [org.gradle.messaging.remote.internal.inet.InetAddressFactory] Adding loopback multicast interface Microsoft ISATAP Adapter #19
11:28:14.030 [DEBUG] [org.gradle.messaging.remote.internal.inet.InetAddressFactory] Adding IP addresses for network interface Cisco AnyConnect Secure Mobility Client Virtual Miniport Adapter for Windows x64
11:28:14.034 [DEBUG] [org.gradle.messaging.remote.internal.inet.InetAddressFactory] Is this a loopback interface? false
11:28:14.045 [DEBUG] [org.gradle.messaging.remote.internal.inet.InetAddressFactory] Is this a multicast interface? true
11:28:14.046 [DEBUG] [org.gradle.messaging.remote.internal.inet.InetAddressFactory] Adding loopback multicast interface Cisco AnyConnect Secure Mobility Client Virtual Miniport Adapter for Windows x64
11:28:14.047 [DEBUG] [org.gradle.messaging.remote.internal.inet.InetAddressFactory] Adding IP addresses for network interface Microsoft ISATAP Adapter #20
11:28:14.051 [DEBUG] [org.gradle.messaging.remote.internal.inet.InetAddressFactory] Is this a loopback interface? false
11:28:14.054 [DEBUG] [org.gradle.messaging.remote.internal.inet.InetAddressFactory] Is this a multicast interface? true
11:28:14.055 [DEBUG] [org.gradle.messaging.remote.internal.inet.InetAddressFactory] Adding loopback multicast interface Microsoft ISATAP Adapter #20
11:28:14.055 [DEBUG] [org.gradle.messaging.remote.internal.inet.InetAddressFactory] Adding IP addresses for network interface WAN Miniport (IP)-QoS Packet Scheduler-0000
11:28:14.060 [DEBUG] [org.gradle.messaging.remote.internal.inet.InetAddressFactory] Is this a loopback interface? false
11:28:14.065 [DEBUG] [org.gradle.messaging.remote.internal.inet.InetAddressFactory] Is this a multicast interface? true
11:28:14.066 [DEBUG] [org.gradle.messaging.remote.internal.inet.InetAddressFactory] Adding loopback multicast interface WAN Miniport (IP)-QoS Packet Scheduler-0000
11:28:14.067 [DEBUG] [org.gradle.messaging.remote.internal.inet.InetAddressFactory] Adding IP addresses for network interface WAN Miniport (IPv6)-QoS Packet Scheduler-0000
11:28:14.072 [DEBUG] [org.gradle.messaging.remote.internal.inet.InetAddressFactory] Is this a loopback interface? false
11:28:14.079 [DEBUG] [org.gradle.messaging.remote.internal.inet.InetAddressFactory] Is this a multicast interface? true
11:28:14.079 [DEBUG] [org.gradle.messaging.remote.internal.inet.InetAddressFactory] Adding loopback multicast interface WAN Miniport (IPv6)-QoS Packet Scheduler-0000
11:28:14.080 [DEBUG] [org.gradle.messaging.remote.internal.inet.InetAddressFactory] Adding IP addresses for network interface NVIDIA nForce Networking Controller-QoS Packet Scheduler-0000
11:28:14.085 [DEBUG] [org.gradle.messaging.remote.internal.inet.InetAddressFactory] Is this a loopback interface? false
11:28:14.102 [DEBUG] [org.gradle.messaging.remote.internal.inet.InetAddressFactory] Is this a multicast interface? true
11:28:14.105 [DEBUG] [org.gradle.messaging.remote.internal.inet.InetAddressFactory] Adding loopback multicast interface NVIDIA nForce Networking Controller-QoS Packet Scheduler-0000
11:28:14.106 [DEBUG] [org.gradle.messaging.remote.internal.inet.InetAddressFactory] Adding IP addresses for network interface NVIDIA nForce Networking Controller-WFP 802.3 MAC Layer LightWeight Filter-0000
11:28:14.111 [DEBUG] [org.gradle.messaging.remote.internal.inet.InetAddressFactory] Is this a loopback interface? false
11:28:14.116 [DEBUG] [org.gradle.messaging.remote.internal.inet.InetAddressFactory] Is this a multicast interface? true
11:28:14.116 [DEBUG] [org.gradle.messaging.remote.internal.inet.InetAddressFactory] Adding loopback multicast interface NVIDIA nForce Networking Controller-WFP 802.3 MAC Layer LightWeight Filter-0000
11:28:14.117 [DEBUG] [org.gradle.messaging.remote.internal.inet.InetAddressFactory] Adding IP addresses for network interface NVIDIA nForce Networking Controller-WFP Native MAC Layer LightWeight Filter-0000
11:28:14.121 [DEBUG] [org.gradle.messaging.remote.internal.inet.InetAddressFactory] Is this a loopback interface? false
11:28:14.134 [DEBUG] [org.gradle.messaging.remote.internal.inet.InetAddressFactory] Is this a multicast interface? true
11:28:14.135 [DEBUG] [org.gradle.messaging.remote.internal.inet.InetAddressFactory] Adding loopback multicast interface NVIDIA nForce Networking Controller-WFP Native MAC Layer LightWeight Filter-0000
11:28:14.135 [DEBUG] [org.gradle.messaging.remote.internal.inet.InetAddressFactory] Adding IP addresses for network interface Broadcom 802.11n Network Adapter-Virtual WiFi Filter Driver-0000
11:28:14.139 [DEBUG] [org.gradle.messaging.remote.internal.inet.InetAddressFactory] Is this a loopback interface? false
11:28:14.143 [DEBUG] [org.gradle.messaging.remote.internal.inet.InetAddressFactory] Is this a multicast interface? true
11:28:14.143 [DEBUG] [org.gradle.messaging.remote.internal.inet.InetAddressFactory] Adding loopback multicast interface Broadcom 802.11n Network Adapter-Virtual WiFi Filter Driver-0000
11:28:14.144 [DEBUG] [org.gradle.messaging.remote.internal.inet.InetAddressFactory] Adding IP addresses for network interface Broadcom 802.11n Network Adapter-QoS Packet Scheduler-0000
11:28:14.148 [DEBUG] [org.gradle.messaging.remote.internal.inet.InetAddressFactory] Is this a loopback interface? false
11:28:14.152 [DEBUG] [org.gradle.messaging.remote.internal.inet.InetAddressFactory] Is this a multicast interface? true
11:28:14.153 [DEBUG] [org.gradle.messaging.remote.internal.inet.InetAddressFactory] Adding loopback multicast interface Broadcom 802.11n Network Adapter-QoS Packet Scheduler-0000
11:28:14.154 [DEBUG] [org.gradle.messaging.remote.internal.inet.InetAddressFactory] Adding IP addresses for network interface Broadcom 802.11n Network Adapter-WFP 802.3 MAC Layer LightWeight Filter-0000
11:28:14.157 [DEBUG] [org.gradle.messaging.remote.internal.inet.InetAddressFactory] Is this a loopback interface? false
11:28:14.162 [DEBUG] [org.gradle.messaging.remote.internal.inet.InetAddressFactory] Is this a multicast interface? true
11:28:14.162 [DEBUG] [org.gradle.messaging.remote.internal.inet.InetAddressFactory] Adding loopback multicast interface Broadcom 802.11n Network Adapter-WFP 802.3 MAC Layer LightWeight Filter-0000
11:28:14.163 [DEBUG] [org.gradle.messaging.remote.internal.inet.InetAddressFactory] Adding IP addresses for network interface Broadcom 802.11n Network Adapter-WFP Native MAC Layer LightWeight Filter-0000
11:28:14.167 [DEBUG] [org.gradle.messaging.remote.internal.inet.InetAddressFactory] Is this a loopback interface? false
11:28:14.173 [DEBUG] [org.gradle.messaging.remote.internal.inet.InetAddressFactory] Is this a multicast interface? true
11:28:14.174 [DEBUG] [org.gradle.messaging.remote.internal.inet.InetAddressFactory] Adding loopback multicast interface Broadcom 802.11n Network Adapter-WFP Native MAC Layer LightWeight Filter-0000
11:28:14.175 [DEBUG] [org.gradle.messaging.remote.internal.inet.InetAddressFactory] Adding IP addresses for network interface WAN Miniport (Network Monitor)-QoS Packet Scheduler-0000
11:28:14.184 [DEBUG] [org.gradle.messaging.remote.internal.inet.InetAddressFactory] Is this a loopback interface? false
11:28:14.191 [DEBUG] [org.gradle.messaging.remote.internal.inet.InetAddressFactory] Is this a multicast interface? true
11:28:14.192 [DEBUG] [org.gradle.messaging.remote.internal.inet.InetAddressFactory] Adding loopback multicast interface WAN Miniport (Network Monitor)-QoS Packet Scheduler-0000
11:28:14.193 [DEBUG] [org.gradle.messaging.remote.internal.inet.InetAddressFactory] Adding IP addresses for network interface Broadcom 802.11n Network Adapter-Native WiFi Filter Driver-0000
11:28:14.200 [DEBUG] [org.gradle.messaging.remote.internal.inet.InetAddressFactory] Is this a loopback interface? false
11:28:14.214 [DEBUG] [org.gradle.messaging.remote.internal.inet.InetAddressFactory] Is this a multicast interface? true
11:28:14.215 [DEBUG] [org.gradle.messaging.remote.internal.inet.InetAddressFactory] Adding loopback multicast interface Broadcom 802.11n Network Adapter-Native WiFi Filter Driver-0000
11:28:14.228 [DEBUG] [org.gradle.messaging.remote.internal.inet.TcpIncomingConnector] Listening on [3ad91722-eb79-49da-b28c-1fdb10b256e1 port:62621, addresses:[/127.0.0.1, /0:0:0:0:0:0:0:1]].
11:28:14.244 [DEBUG] [org.gradle.launcher.daemon.server.Daemon] Daemon starting at: Sat Jan 31 11:28:14 EST 2015, with address: [3ad91722-eb79-49da-b28c-1fdb10b256e1 port:62621, addresses:[/127.0.0.1, /0:0:0:0:0:0:0:1]]
11:28:14.248 [INFO] [org.gradle.launcher.daemon.server.DomainRegistryUpdater] Advertising the daemon address to the clients: [3ad91722-eb79-49da-b28c-1fdb10b256e1 port:62621, addresses:[/127.0.0.1, /0:0:0:0:0:0:0:1]]
11:28:14.250 [DEBUG] [org.gradle.launcher.daemon.server.DomainRegistryUpdater] Advertised daemon context: DefaultDaemonContext[uid=ca136a1f-90dd-4510-8fa3-9a6526258a0e,javaHome=C:\Program Files\Java\jdk1.7.0_71,daemonRegistryDir=C:\Users\Ana\Documents\GitHub\cardboard-java\gradle\daemon,pid=5356,idleTimeout=10800000,daemonOpts=-XX:MaxPermSize=256m,-XX:+HeapDumpOnOutOfMemoryError,-Xmx1024m,-Dfile.encoding=windows-1252,-Duser.country=US,-Duser.language=en,-Duser.variant]
11:28:14.251 [DEBUG] [org.gradle.launcher.daemon.registry.PersistentDaemonRegistry] Storing daemon address: [3ad91722-eb79-49da-b28c-1fdb10b256e1 port:62621, addresses:[/127.0.0.1, /0:0:0:0:0:0:0:1]], context: DefaultDaemonContext[uid=ca136a1f-90dd-4510-8fa3-9a6526258a0e,javaHome=C:\Program Files\Java\jdk1.7.0_71,daemonRegistryDir=C:\Users\Ana\Documents\GitHub\cardboard-java\gradle\daemon,pid=5356,idleTimeout=10800000,daemonOpts=-XX:MaxPermSize=256m,-XX:+HeapDumpOnOutOfMemoryError,-Xmx1024m,-Dfile.encoding=windows-1252,-Duser.country=US,-Duser.language=en,-Duser.variant]
11:28:14.321 [DEBUG] [org.gradle.cache.internal.DefaultFileLockManager] Waiting to acquire exclusive lock on daemon addresses registry.
11:28:14.348 [DEBUG] [org.gradle.cache.internal.DefaultFileLockManager] Lock acquired.
11:28:14.357 [DEBUG] [org.gradle.cache.internal.DefaultFileLockManager] Releasing lock on daemon addresses registry.
11:28:14.361 [DEBUG] [org.gradle.cache.internal.DefaultFileLockManager] Waiting to acquire exclusive lock on daemon addresses registry.
11:28:14.363 [DEBUG] [org.gradle.cache.internal.DefaultFileLockManager] Lock acquired.
11:28:14.617 [DEBUG] [org.gradle.cache.internal.DefaultFileLockManager] Releasing lock on daemon addresses registry.
11:28:14.617 [LIFECYCLE] [org.gradle.launcher.daemon.server.Daemon] Daemon server started.
11:28:14.630 [DEBUG] [org.gradle.launcher.daemon.bootstrap.DaemonStartupCommunication] Completed writing the daemon greeting. Closing streams...
11:28:14.637 [DEBUG] [org.gradle.launcher.daemon.server.Daemon] requestStopOnIdleTimeout(10800000 MILLISECONDS) called on daemon
11:28:14.637 [DEBUG] [org.gradle.launcher.daemon.server.DaemonStateCoordinator] Idle timeout: waiting for daemon to stop or be idle for 10800000ms
11:28:14.639 [DEBUG] [org.gradle.launcher.daemon.server.DaemonStateCoordinator] Daemon is idle, sleeping until state change or idle timeout at Sat Jan 31 14:28:13 EST 2015
11:28:14.900 [DEBUG] [org.gradle.messaging.remote.internal.inet.TcpIncomingConnector] Accepted connection from /127.0.0.1:62626 to /127.0.0.1:62621.
11:28:15.082 [DEBUG] [org.gradle.launcher.daemon.server.SynchronizedDispatchConnection] thread 14: received class org.gradle.launcher.daemon.protocol.Build
11:28:15.083 [DEBUG] [org.gradle.launcher.daemon.server.DefaultDaemonConnection] Received non-IO message from client: Build{id=fef1430d-53e8-4398-95b3-21e8fb0dad0c.1, currentDir=C:\Users\Ana\Documents\GitHub\cardboard-java}
11:28:15.085 [INFO] [org.gradle.launcher.daemon.server.DefaultIncomingConnectionHandler] Received command: Build{id=fef1430d-53e8-4398-95b3-21e8fb0dad0c.1, currentDir=C:\Users\Ana\Documents\GitHub\cardboard-java}.
11:28:15.086 [DEBUG] [org.gradle.launcher.daemon.server.DefaultIncomingConnectionHandler] Starting executing command: Build{id=fef1430d-53e8-4398-95b3-21e8fb0dad0c.1, currentDir=C:\Users\Ana\Documents\GitHub\cardboard-java} with connection: socket connection from /127.0.0.1:62621 to /127.0.0.1:62626.
11:28:15.104 [DEBUG] [org.gradle.launcher.daemon.server.DaemonStateCoordinator] Command execution: started DaemonCommandExecution[command = Build{id=fef1430d-53e8-4398-95b3-21e8fb0dad0c.1, currentDir=C:\Users\Ana\Documents\GitHub\cardboard-java}, connection = org.gradle.launcher.daemon.server.DefaultDaemonConnection@2e6b55c1] after 0.0 minutes of idle
11:28:15.105 [INFO] [org.gradle.launcher.daemon.server.DomainRegistryUpdater] Marking the daemon as busy, address: [3ad91722-eb79-49da-b28c-1fdb10b256e1 port:62621, addresses:[/127.0.0.1, /0:0:0:0:0:0:0:1]]
11:28:15.105 [DEBUG] [org.gradle.launcher.daemon.registry.PersistentDaemonRegistry] Marking busy by address: [3ad91722-eb79-49da-b28c-1fdb10b256e1 port:62621, addresses:[/127.0.0.1, /0:0:0:0:0:0:0:1]]
11:28:15.107 [DEBUG] [org.gradle.cache.internal.DefaultFileLockManager] Waiting to acquire exclusive lock on daemon addresses registry.
11:28:15.109 [DEBUG] [org.gradle.cache.internal.DefaultFileLockManager] Lock acquired.
11:28:15.118 [DEBUG] [org.gradle.cache.internal.DefaultFileLockManager] Releasing lock on daemon addresses registry.
11:28:15.119 [DEBUG] [org.gradle.launcher.daemon.server.DaemonStateCoordinator] updating lastActivityAt to 1422721695119
11:28:15.122 [DEBUG] [org.gradle.launcher.daemon.server.DaemonStateCoordinator] Daemon is busy, sleeping until state changes.
11:28:15.124 [INFO] [org.gradle.launcher.daemon.server.exec.StartBuildOrRespondWithBusy] Daemon is about to start building Build{id=fef1430d-53e8-4398-95b3-21e8fb0dad0c.1, currentDir=C:\Users\Ana\Documents\GitHub\cardboard-java}. Dispatching build started information...
11:28:15.130 [DEBUG] [org.gradle.launcher.daemon.server.SynchronizedDispatchConnection] thread 16: dispatching class org.gradle.launcher.daemon.protocol.BuildStarted
11:28:15.137 [DEBUG] [org.gradle.launcher.daemon.server.exec.EstablishBuildEnvironment] Configuring env variables: {USERPROFILE=C:\Users\Ana, ADSKFLEX_LICENSE_FILE=@license.design.harvard.edu;@designapps.design.harvard.edu;@ectoplasm.design.harvard.edu;, ILLDIR=C:\Program Files (x86)\Common Files\Autodesk Shared\Materials\, SystemDrive=C:, Path=C:\DAYSIM\lib\;C:\DAYSIM\bin\;.;C:\DIVA\Radiance\bin\;C:\DIVA\Radiance\lib\;C:\DIVA\DaysimBinaries\;C:\WINDOWS\system32;C:\WINDOWS;C:\WINDOWS\System32\Wbem;C:\WINDOWS\System32\WindowsPowerShell\v1.0\;C:\Program Files\Common Files\Autodesk Shared\;C:\Program Files (x86)\Calibre2\;c:\Program Files (x86)\Microsoft SQL Server\100\Tools\Binn\;c:\Program Files\Microsoft SQL Server\100\Tools\Binn\;c:\Program Files\Microsoft SQL Server\100\DTS\Binn\;C:\Program Files (x86)\QuickTime\QTSystem\;C:\Program Files (x86)\Windows Live\Shared;C:\Users\Ana\AppData\Roaming\nvm;C:\Program Files\nodejs;C:\DAYSIM\lib\;C:\DAYSIM\bin\;.;C:\DIVA\Radiance\bin\;C:\DIVA\Radiance\lib\;C:\DIVA\DaysimBinaries\;C:\Users\Ana\AppData\Roaming\npm;c:\Users\Ana\AppData\Local\atom\bin;C:\Users\Ana\AppData\Roaming\nvm;C:\Program Files\nodejs, ILMDIR=C:\Program Files (x86)\Common Files\Autodesk Shared\Materials\, PROCESSOR_REVISION=170a, KINECTSDK10_DIR=C:\Program Files\Microsoft SDKs\Kinect\v1.8\, USERDOMAIN=ANAGPUYOL, ALLUSERSPROFILE=C:\ProgramData, CM2013DIR=C:\Program Files (x86)\Common Files\Autodesk Shared\Materials\, SESSIONNAME=Console, TMP=C:\Users\Ana\AppData\Local\Temp, CATNoStartDocument=Yes, =::=::\, CommonProgramFiles=C:\Program Files\Common Files, LOGONSERVER=\\MicrosoftAccount, PROCESSOR_LEVEL=6, USERDOMAIN_ROAMINGPROFILE=ANAGPUYOL, LOCALAPPDATA=C:\Users\Ana\AppData\Local, ILBDIR=C:\Program Files (x86)\Common Files\Autodesk Shared\Materials\, COMPUTERNAME=ANAGPUYOL, asl.log=Destination=file, SystemRoot=C:\WINDOWS, USERNAME=Ana, CM2014DIR=C:\Program Files (x86)\Common Files\Autodesk Shared\Materials\, APPDATA=C:\Users\Ana\AppData\Roaming, NVM_SYMLINK=C:\Program Files\nodejs, ProgramData=C:\ProgramData, PATHEXT=.COM;.EXE;.BAT;.CMD;.VBS;.VBE;.JS;.JSE;.WSF;.WSH;.MSC, ProgramFiles(x86)=C:\Program Files (x86), TEMP=C:\Users\Ana\AppData\Local\Temp, ProgramFiles=C:\Program Files, HOMEDRIVE=C:, NVM_HOME=C:\Users\Ana\AppData\Roaming\nvm, ProgramW6432=C:\Program Files, PROCESSOR_IDENTIFIER=Intel64 Family 6 Model 23 Stepping 10, GenuineIntel, CM2015DIR=C:\Program Files (x86)\Common Files\Autodesk Shared\Materials\, PROCESSOR_ARCHITECTURE=AMD64, FP_NO_HOST_CHECK=NO, OS=Windows_NT, HOMEPATH=\Users\Ana, FTSDK_DIR=C:\Program Files\Microsoft SDKs\Kinect\Developer Toolkit v1.8.0\, CommonProgramW6432=C:\Program Files\Common Files, RAYPATH=C:\DAYSIM\lib\;C:\DAYSIM\bin\;.;C:\DIVA\Radiance\bin\;C:\DIVA\Radiance\lib\;C:\DIVA\DaysimBinaries\, KINECT_TOOLKIT_DIR=C:\Program Files\Microsoft SDKs\Kinect\Developer Toolkit v1.8.0\, windir=C:\WINDOWS, NUMBER_OF_PROCESSORS=2, PSModulePath=C:\WINDOWS\system32\WindowsPowerShell\v1.0\Modules\, PUBLIC=C:\Users\Public, CommonProgramFiles(x86)=C:\Program Files (x86)\Common Files, ComSpec=C:\WINDOWS\system32\cmd.exe}
11:28:15.167 [INFO] [org.gradle.launcher.daemon.server.exec.LogToClient] About to start relaying all logs to the client via the connection.
11:28:15.167 [INFO] [org.gradle.launcher.daemon.server.exec.LogToClient] The client will now receive all logging from the daemon (pid: 5356). The daemon log file: C:\Users\Ana\Documents\GitHub\cardboard-java\gradle\daemon\2.2.1\daemon-5356.out.log
11:28:15.185 [DEBUG] [org.gradle.launcher.daemon.server.exec.ExecuteBuild] The daemon has started executing the build.
11:28:15.186 [INFO] [org.gradle.launcher.daemon.server.exec.ExecuteBuild] Executing build with daemon context: DefaultDaemonContext[uid=ca136a1f-90dd-4510-8fa3-9a6526258a0e,javaHome=C:\Program Files\Java\jdk1.7.0_71,daemonRegistryDir=C:\Users\Ana\Documents\GitHub\cardboard-java\gradle\daemon,pid=5356,idleTimeout=10800000,daemonOpts=-XX:MaxPermSize=256m,-XX:+HeapDumpOnOutOfMemoryError,-Xmx1024m,-Dfile.encoding=windows-1252,-Duser.country=US,-Duser.language=en,-Duser.variant]
11:28:15.205 [DEBUG] [org.gradle.launcher.daemon.server.SynchronizedDispatchConnection] thread 14: received class org.gradle.launcher.daemon.protocol.CloseInput
11:28:15.206 [DEBUG] [org.gradle.launcher.daemon.server.DefaultDaemonConnection] Received IO message from client: CloseInput[id=fef1430d-53e8-4398-95b3-21e8fb0dad0c.2]
11:28:15.207 [INFO] [org.gradle.launcher.daemon.server.exec.ForwardClientInput] Closing daemon's stdin at end of input.
11:28:15.208 [INFO] [org.gradle.launcher.daemon.server.exec.ForwardClientInput] The daemon will no longer process any standard input.
11:28:16.250 [INFO] [org.gradle.tooling.internal.provider.DefaultPayloadClassLoaderRegistry] Creating ClassLoader 502a5a8d-86c0-4aec-8677-92364148a4f7 from [Spec classpath:[file:/C:/Program%20Files/Android/Android%20Studio/plugins/gradle/lib/gradle-tooling-api-2.2.jar, file:/C:/Program%20Files/Android/Android%20Studio/plugins/gradle/lib/guava-jdk5-17.0.jar, file:/C:/Program%20Files/Android/Android%20Studio/plugins/gradle/lib/gradle-base-services-2.2.jar, file:/C:/Program%20Files/Android/Android%20Studio/plugins/gradle/lib/gradle-tooling-extension-api.jar, file:/C:/Program%20Files/Android/Android%20Studio/lib/openapi.jar, file:/C:/Program%20Files/Android/Android%20Studio/plugins/google-cloud-tools/lib/gradle-appengine-builder-model-0.1.0.jar, file:/C:/Program%20Files/Android/Android%20Studio/plugins/android/lib/builder-model-1.0.0.jar]] and [org.gradle.internal.classloader.FilteringClassLoader@36927b70].
11:28:16.290 [DEBUG] [org.gradle.cache.internal.DefaultFileLockManager] Waiting to acquire exclusive lock on jars (C:\Users\Ana\Documents\GitHub\cardboard-java\gradle\caches\jars-1).
11:28:16.292 [DEBUG] [org.gradle.cache.internal.DefaultFileLockManager] Lock acquired.
11:28:16.293 [DEBUG] [org.gradle.cache.internal.DefaultPersistentDirectoryCache] Invalidating org.gradle.cache.internal.DefaultPersistentDirectoryCache$Initializer@1edb4489 as it was not closed cleanly.
11:28:16.301 [DEBUG] [org.gradle.cache.internal.locklistener.DefaultFileLockContentionHandler] Starting file lock listener thread.

BUILD SUCCESSFUL

Total time: 43.476 secs
11:28:46.994 [DEBUG] [org.gradle.api.internal.tasks.compile.daemon.CompilerDaemonManager] Stopping 0 compiler daemon(s).
11:28:46.995 [INFO] [org.gradle.api.internal.tasks.compile.daemon.CompilerDaemonManager] Stopped 0 compiler daemon(s).
11:28:46.996 [DEBUG] [org.gradle.cache.internal.DefaultFileLockManager] Releasing lock on initscript class cache for initialization script 'C:\Users\Ana\AppData\Local\Temp\asLocalRepo1620846788003415962.gradle' (C:\Users\Ana\Documents\GitHub\cardboard-java\gradle\caches\2.2.1\scripts\asLocalRepo1620846788003415962_9w5jrzfuvizqv7946cbpx8q9o\InitScript\initscript).
11:28:46.997 [DEBUG] [org.gradle.cache.internal.DefaultFileLockManager] Releasing lock on no_initscript class cache for initialization script 'C:\Users\Ana\AppData\Local\Temp\asLocalRepo1620846788003415962.gradle' (C:\Users\Ana\Documents\GitHub\cardboard-java\gradle\caches\2.2.1\scripts\asLocalRepo1620846788003415962_9w5jrzfuvizqv7946cbpx8q9o\InitScript\no_initscript).
11:28:46.998 [DEBUG] [org.gradle.cache.internal.DefaultFileLockManager] Releasing lock on buildscript class cache for settings file 'C:\Users\Ana\Documents\GitHub\cardboard-java\settings.gradle' (C:\Users\Ana\Documents\GitHub\cardboard-java\gradle\caches\2.2.1\scripts\settings_145a8x0v8nxub1wg12xk9zky6\SettingsScript\buildscript).
11:28:46.998 [DEBUG] [org.gradle.cache.internal.DefaultFileLockManager] Releasing lock on no_buildscript class cache for settings file 'C:\Users\Ana\Documents\GitHub\cardboard-java\settings.gradle' (C:\Users\Ana\Documents\GitHub\cardboard-java\gradle\caches\2.2.1\scripts\settings_145a8x0v8nxub1wg12xk9zky6\SettingsScript\no_buildscript).
11:28:46.999 [DEBUG] [org.gradle.cache.internal.DefaultFileLockManager] Releasing lock on buildscript class cache for build file 'C:\Users\Ana\Documents\GitHub\cardboard-java\build.gradle' (C:\Users\Ana\Documents\GitHub\cardboard-java\gradle\caches\2.2.1\scripts\build_76ccpnfyjhh4stv9qh3r8a7uw\ProjectScript\buildscript).
11:28:47.000 [DEBUG] [org.gradle.cache.internal.DefaultFileLockManager] Releasing lock on no_buildscript class cache for build file 'C:\Users\Ana\Documents\GitHub\cardboard-java\build.gradle' (C:\Users\Ana\Documents\GitHub\cardboard-java\gradle\caches\2.2.1\scripts\build_76ccpnfyjhh4stv9qh3r8a7uw\ProjectScript\no_buildscript).
11:28:47.000 [DEBUG] [org.gradle.cache.internal.DefaultFileLockManager] Releasing lock on buildscript class cache for build file 'C:\Users\Ana\Documents\GitHub\cardboard-java\CardboardSample\build.gradle' (C:\Users\Ana\Documents\GitHub\cardboard-java\gradle\caches\2.2.1\scripts\build_81fmsdhlvddg4vwbhcxbhzur7\ProjectScript\buildscript).
11:28:47.001 [DEBUG] [org.gradle.cache.internal.DefaultFileLockManager] Releasing lock on no_buildscript class cache for build file 'C:\Users\Ana\Documents\GitHub\cardboard-java\CardboardSample\build.gradle' (C:\Users\Ana\Documents\GitHub\cardboard-java\gradle\caches\2.2.1\scripts\build_81fmsdhlvddg4vwbhcxbhzur7\ProjectScript\no_buildscript).
11:28:47.007 [DEBUG] [org.gradle.cache.internal.DefaultFileLockManager] Releasing lock on artifact cache (C:\Users\Ana\Documents\GitHub\cardboard-java\gradle\caches\modules-2).
11:28:47.009 [DEBUG] [org.gradle.cache.internal.DefaultCacheAccess] Cache Plugin Resolution Cache (C:\Users\Ana\Documents\GitHub\cardboard-java\gradle\caches\2.2.1\plugin-resolution) was closed 0 times.
11:28:47.009 [DEBUG] [org.gradle.cache.internal.DefaultFileLockManager] Releasing lock on jars (C:\Users\Ana\Documents\GitHub\cardboard-java\gradle\caches\jars-1).
11:28:47.049 [DEBUG] [org.gradle.api.internal.artifacts.ivyservice.resolveengine.store.CachedStoreFactory] Resolution result cache closed. Cache reads: 2, disk reads: 3 (avg: 0.013 secs, total: 0.04 secs)
11:28:47.050 [DEBUG] [org.gradle.api.internal.artifacts.ivyservice.resolveengine.store.CachedStoreFactory] Resolved configuration cache closed. Cache reads: 0, disk reads: 0 (avg: 0.0 secs, total: 0.0 secs)
11:28:47.051 [DEBUG] [org.gradle.api.internal.artifacts.ivyservice.resolveengine.store.ResolutionResultsStoreFactory] Deleted 2 resolution results binary files in 0.028 secs
11:28:47.052 [DEBUG] [org.gradle.api.internal.artifacts.ivyservice.ivyresolve.memcache.InMemoryCachedRepositoryFactory] In-memory dependency metadata cache closed. Repos cached: 20, cache instances: 4, modules served from cache: 17, artifacts: 17
11:28:47.068 [DEBUG] [org.gradle.launcher.daemon.server.exec.ExecuteBuild] The daemon has finished executing the build.
11:28:48.758 [DEBUG] [org.gradle.launcher.daemon.server.DaemonStateCoordinator] Command execution: finished waiting for DaemonCommandExecution[command = Build{id=fef1430d-53e8-4398-95b3-21e8fb0dad0c.1, currentDir=C:\Users\Ana\Documents\GitHub\cardboard-java}, connection = org.gradle.launcher.daemon.server.DefaultDaemonConnection@2e6b55c1]. Result org.gradle.launcher.daemon.server.DaemonStateCoordinator@11ef32a5 with state Running
11:28:48.759 [DEBUG] [org.gradle.launcher.daemon.server.DaemonStateCoordinator] Command execution: completed DaemonCommandExecution[command = Build{id=fef1430d-53e8-4398-95b3-21e8fb0dad0c.1, currentDir=C:\Users\Ana\Documents\GitHub\cardboard-java}, connection = org.gradle.launcher.daemon.server.DefaultDaemonConnection@2e6b55c1]
11:28:48.760 [DEBUG] [org.gradle.launcher.daemon.server.DaemonStateCoordinator] updating lastActivityAt to 1422721728760
11:28:48.760 [INFO] [org.gradle.launcher.daemon.server.DomainRegistryUpdater] Marking the daemon as idle, address: [3ad91722-eb79-49da-b28c-1fdb10b256e1 port:62621, addresses:[/127.0.0.1, /0:0:0:0:0:0:0:1]]
11:28:48.761 [DEBUG] [org.gradle.launcher.daemon.registry.PersistentDaemonRegistry] Marking idle by address: [3ad91722-eb79-49da-b28c-1fdb10b256e1 port:62621, addresses:[/127.0.0.1, /0:0:0:0:0:0:0:1]]
11:28:48.766 [DEBUG] [org.gradle.cache.internal.DefaultFileLockManager] Waiting to acquire exclusive lock on daemon addresses registry.
11:28:48.767 [DEBUG] [org.gradle.cache.internal.DefaultFileLockManager] Lock acquired.
11:28:48.776 [DEBUG] [org.gradle.cache.internal.DefaultFileLockManager] Releasing lock on daemon addresses registry.
11:28:48.777 [DEBUG] [org.gradle.launcher.daemon.server.exec.ReturnResult] Daemon is dispatching the build result: DaemonCommandResult[type=Success, value=org.gradle.tooling.internal.provider.BuildActionResult@6aeae2a6]
11:28:48.783 [DEBUG] [org.gradle.launcher.daemon.server.SynchronizedDispatchConnection] thread 13: dispatching class org.gradle.launcher.daemon.protocol.Success
11:28:48.782 [DEBUG] [org.gradle.launcher.daemon.server.DaemonStateCoordinator] Daemon is idle, sleeping until state change or idle timeout at Sat Jan 31 14:28:48 EST 2015
11:28:48.916 [DEBUG] [org.gradle.launcher.daemon.server.SynchronizedDispatchConnection] thread 14: received class org.gradle.launcher.daemon.protocol.Finished
11:28:48.917 [DEBUG] [org.gradle.launcher.daemon.server.DefaultDaemonConnection] Received non-IO message from client: org.gradle.launcher.daemon.protocol.Finished@121f8207
11:28:48.917 [DEBUG] [org.gradle.launcher.daemon.server.SynchronizedDispatchConnection] thread 14: received null
11:28:48.918 [DEBUG] [org.gradle.launcher.daemon.server.DefaultDaemonConnection] Received end-of-input from client.
11:28:48.948 [DEBUG] [org.gradle.launcher.daemon.server.DefaultIncomingConnectionHandler] Finishing executing command: Build{id=fef1430d-53e8-4398-95b3-21e8fb0dad0c.1, currentDir=C:\Users\Ana\Documents\GitHub\cardboard-java}
11:28:48.949 [DEBUG] [org.gradle.launcher.daemon.server.DefaultIncomingConnectionHandler] Received finished message: null
11:28:48.950 [DEBUG] [org.gradle.launcher.daemon.server.SynchronizedDispatchConnection] thread 13: stopping connection
11:28:48.970 [DEBUG] [org.gradle.launcher.daemon.server.SynchronizedDispatchConnection] thread 13: stopping connection
11:29:05.419 [DEBUG] [org.gradle.messaging.remote.internal.inet.TcpIncomingConnector] Accepted connection from /127.0.0.1:62658 to /127.0.0.1:62621.
11:29:05.660 [DEBUG] [org.gradle.launcher.daemon.server.SynchronizedDispatchConnection] thread 19: received class org.gradle.launcher.daemon.protocol.Build
11:29:05.661 [DEBUG] [org.gradle.launcher.daemon.server.DefaultDaemonConnection] Received non-IO message from client: Build{id=41b21206-8821-4ad0-b002-8ae2cc859191.1, currentDir=C:\Users\Ana\Documents\GitHub\cardboard-java}
11:29:05.664 [INFO] [org.gradle.launcher.daemon.server.DefaultIncomingConnectionHandler] Received command: Build{id=41b21206-8821-4ad0-b002-8ae2cc859191.1, currentDir=C:\Users\Ana\Documents\GitHub\cardboard-java}.
11:29:05.668 [DEBUG] [org.gradle.launcher.daemon.server.DefaultIncomingConnectionHandler] Starting executing command: Build{id=41b21206-8821-4ad0-b002-8ae2cc859191.1, currentDir=C:\Users\Ana\Documents\GitHub\cardboard-java} with connection: socket connection from /127.0.0.1:62621 to /127.0.0.1:62658.
11:29:05.669 [DEBUG] [org.gradle.launcher.daemon.server.DaemonStateCoordinator] Command execution: started DaemonCommandExecution[command = Build{id=41b21206-8821-4ad0-b002-8ae2cc859191.1, currentDir=C:\Users\Ana\Documents\GitHub\cardboard-java}, connection = org.gradle.launcher.daemon.server.DefaultDaemonConnection@5d742c25] after 0.0 minutes of idle
11:29:05.669 [INFO] [org.gradle.launcher.daemon.server.DomainRegistryUpdater] Marking the daemon as busy, address: [3ad91722-eb79-49da-b28c-1fdb10b256e1 port:62621, addresses:[/127.0.0.1, /0:0:0:0:0:0:0:1]]
11:29:05.670 [DEBUG] [org.gradle.launcher.daemon.registry.PersistentDaemonRegistry] Marking busy by address: [3ad91722-eb79-49da-b28c-1fdb10b256e1 port:62621, addresses:[/127.0.0.1, /0:0:0:0:0:0:0:1]]
11:29:05.671 [DEBUG] [org.gradle.cache.internal.DefaultFileLockManager] Waiting to acquire exclusive lock on daemon addresses registry.
11:29:05.672 [DEBUG] [org.gradle.cache.internal.DefaultFileLockManager] Lock acquired.
11:29:05.677 [DEBUG] [org.gradle.cache.internal.DefaultFileLockManager] Releasing lock on daemon addresses registry.
11:29:05.678 [DEBUG] [org.gradle.launcher.daemon.server.DaemonStateCoordinator] updating lastActivityAt to 1422721745678
11:29:05.679 [INFO] [org.gradle.launcher.daemon.server.exec.StartBuildOrRespondWithBusy] Daemon is about to start building Build{id=41b21206-8821-4ad0-b002-8ae2cc859191.1, currentDir=C:\Users\Ana\Documents\GitHub\cardboard-java}. Dispatching build started information...
11:29:05.680 [DEBUG] [org.gradle.launcher.daemon.server.SynchronizedDispatchConnection] thread 16: dispatching class org.gradle.launcher.daemon.protocol.BuildStarted
11:29:05.682 [DEBUG] [org.gradle.launcher.daemon.server.DaemonStateCoordinator] Daemon is busy, sleeping until state changes.
11:29:05.685 [DEBUG] [org.gradle.launcher.daemon.server.exec.EstablishBuildEnvironment] Configuring env variables: {USERPROFILE=C:\Users\Ana, ADSKFLEX_LICENSE_FILE=@license.design.harvard.edu;@designapps.design.harvard.edu;@ectoplasm.design.harvard.edu;, ILLDIR=C:\Program Files (x86)\Common Files\Autodesk Shared\Materials\, SystemDrive=C:, Path=C:\DAYSIM\lib\;C:\DAYSIM\bin\;.;C:\DIVA\Radiance\bin\;C:\DIVA\Radiance\lib\;C:\DIVA\DaysimBinaries\;C:\WINDOWS\system32;C:\WINDOWS;C:\WINDOWS\System32\Wbem;C:\WINDOWS\System32\WindowsPowerShell\v1.0\;C:\Program Files\Common Files\Autodesk Shared\;C:\Program Files (x86)\Calibre2\;c:\Program Files (x86)\Microsoft SQL Server\100\Tools\Binn\;c:\Program Files\Microsoft SQL Server\100\Tools\Binn\;c:\Program Files\Microsoft SQL Server\100\DTS\Binn\;C:\Program Files (x86)\QuickTime\QTSystem\;C:\Program Files (x86)\Windows Live\Shared;C:\Users\Ana\AppData\Roaming\nvm;C:\Program Files\nodejs;C:\DAYSIM\lib\;C:\DAYSIM\bin\;.;C:\DIVA\Radiance\bin\;C:\DIVA\Radiance\lib\;C:\DIVA\DaysimBinaries\;C:\Users\Ana\AppData\Roaming\npm;c:\Users\Ana\AppData\Local\atom\bin;C:\Users\Ana\AppData\Roaming\nvm;C:\Program Files\nodejs, ILMDIR=C:\Program Files (x86)\Common Files\Autodesk Shared\Materials\, PROCESSOR_REVISION=170a, KINECTSDK10_DIR=C:\Program Files\Microsoft SDKs\Kinect\v1.8\, USERDOMAIN=ANAGPUYOL, ALLUSERSPROFILE=C:\ProgramData, CM2013DIR=C:\Program Files (x86)\Common Files\Autodesk Shared\Materials\, SESSIONNAME=Console, TMP=C:\Users\Ana\AppData\Local\Temp, CATNoStartDocument=Yes, =::=::\, CommonProgramFiles=C:\Program Files\Common Files, LOGONSERVER=\\MicrosoftAccount, PROCESSOR_LEVEL=6, USERDOMAIN_ROAMINGPROFILE=ANAGPUYOL, LOCALAPPDATA=C:\Users\Ana\AppData\Local, ILBDIR=C:\Program Files (x86)\Common Files\Autodesk Shared\Materials\, COMPUTERNAME=ANAGPUYOL, asl.log=Destination=file, SystemRoot=C:\WINDOWS, USERNAME=Ana, CM2014DIR=C:\Program Files (x86)\Common Files\Autodesk Shared\Materials\, APPDATA=C:\Users\Ana\AppData\Roaming, NVM_SYMLINK=C:\Program Files\nodejs, ProgramData=C:\ProgramData, PATHEXT=.COM;.EXE;.BAT;.CMD;.VBS;.VBE;.JS;.JSE;.WSF;.WSH;.MSC, ProgramFiles(x86)=C:\Program Files (x86), TEMP=C:\Users\Ana\AppData\Local\Temp, ProgramFiles=C:\Program Files, HOMEDRIVE=C:, NVM_HOME=C:\Users\Ana\AppData\Roaming\nvm, ProgramW6432=C:\Program Files, PROCESSOR_IDENTIFIER=Intel64 Family 6 Model 23 Stepping 10, GenuineIntel, CM2015DIR=C:\Program Files (x86)\Common Files\Autodesk Shared\Materials\, PROCESSOR_ARCHITECTURE=AMD64, FP_NO_HOST_CHECK=NO, OS=Windows_NT, HOMEPATH=\Users\Ana, FTSDK_DIR=C:\Program Files\Microsoft SDKs\Kinect\Developer Toolkit v1.8.0\, CommonProgramW6432=C:\Program Files\Common Files, RAYPATH=C:\DAYSIM\lib\;C:\DAYSIM\bin\;.;C:\DIVA\Radiance\bin\;C:\DIVA\Radiance\lib\;C:\DIVA\DaysimBinaries\, KINECT_TOOLKIT_DIR=C:\Program Files\Microsoft SDKs\Kinect\Developer Toolkit v1.8.0\, windir=C:\WINDOWS, NUMBER_OF_PROCESSORS=2, PSModulePath=C:\WINDOWS\system32\WindowsPowerShell\v1.0\Modules\, PUBLIC=C:\Users\Public, CommonProgramFiles(x86)=C:\Program Files (x86)\Common Files, ComSpec=C:\WINDOWS\system32\cmd.exe}
11:29:05.692 [INFO] [org.gradle.launcher.daemon.server.exec.LogToClient] About to start relaying all logs to the client via the connection.
11:29:05.692 [INFO] [org.gradle.launcher.daemon.server.exec.LogToClient] The client will now receive all logging from the daemon (pid: 5356). The daemon log file: C:\Users\Ana\Documents\GitHub\cardboard-java\gradle\daemon\2.2.1\daemon-5356.out.log
11:29:05.693 [DEBUG] [org.gradle.launcher.daemon.server.exec.ExecuteBuild] The daemon has started executing the build.
11:29:05.693 [INFO] [org.gradle.launcher.daemon.server.exec.ExecuteBuild] Executing build with daemon context: DefaultDaemonContext[uid=ca136a1f-90dd-4510-8fa3-9a6526258a0e,javaHome=C:\Program Files\Java\jdk1.7.0_71,daemonRegistryDir=C:\Users\Ana\Documents\GitHub\cardboard-java\gradle\daemon,pid=5356,idleTimeout=10800000,daemonOpts=-XX:MaxPermSize=256m,-XX:+HeapDumpOnOutOfMemoryError,-Xmx1024m,-Dfile.encoding=windows-1252,-Duser.country=US,-Duser.language=en,-Duser.variant]
Configuration on demand is an incubating feature.
:CardboardSample:preBuild
:CardboardSample:preDebugBuild
:CardboardSample:checkDebugManifest
:CardboardSample:prepareDebugDependencies
:CardboardSample:compileDebugAidl
:CardboardSample:compileDebugRenderscript
:CardboardSample:generateDebugBuildConfig
:CardboardSample:generateDebugAssets UP-TO-DATE
:CardboardSample:mergeDebugAssets
:CardboardSample:generateDebugResValues
:CardboardSample:generateDebugResources
:CardboardSample:mergeDebugResources
:CardboardSample:processDebugManifest
:CardboardSample:processDebugResources
:CardboardSample:generateDebugSources
:CardboardSample:preDebugTestBuild
:CardboardSample:prepareDebugTestDependencies
:CardboardSample:compileDebugTestAidl
:CardboardSample:processDebugTestManifest
:CardboardSample:compileDebugTestRenderscript
:CardboardSample:generateDebugTestBuildConfig
:CardboardSample:generateDebugTestAssets UP-TO-DATE
:CardboardSample:mergeDebugTestAssets
:CardboardSample:generateDebugTestResValues
:CardboardSample:generateDebugTestResources
:CardboardSample:mergeDebugTestResources
:CardboardSample:processDebugTestResources
:CardboardSample:generateDebugTestSources

BUILD SUCCESSFUL

Total time: 18.718 secs
11:29:23.815 [DEBUG] [org.gradle.api.internal.tasks.compile.daemon.CompilerDaemonManager] Stopping 0 compiler daemon(s).
11:29:23.817 [INFO] [org.gradle.api.internal.tasks.compile.daemon.CompilerDaemonManager] Stopped 0 compiler daemon(s).
11:29:23.818 [DEBUG] [org.gradle.cache.internal.DefaultFileLockManager] Releasing lock on initscript class cache for initialization script 'C:\Users\Ana\AppData\Local\Temp\asLocalRepo5815640344029115584.gradle' (C:\Users\Ana\Documents\GitHub\cardboard-java\gradle\caches\2.2.1\scripts\asLocalRepo5815640344029115584_5b88y5jevrg6esiz2avxt259q\InitScript\initscript).
11:29:23.818 [DEBUG] [org.gradle.cache.internal.DefaultFileLockManager] Releasing lock on no_initscript class cache for initialization script 'C:\Users\Ana\AppData\Local\Temp\asLocalRepo5815640344029115584.gradle' (C:\Users\Ana\Documents\GitHub\cardboard-java\gradle\caches\2.2.1\scripts\asLocalRepo5815640344029115584_5b88y5jevrg6esiz2avxt259q\InitScript\no_initscript).
11:29:23.819 [DEBUG] [org.gradle.cache.internal.DefaultFileLockManager] Releasing lock on buildscript class cache for settings file 'C:\Users\Ana\Documents\GitHub\cardboard-java\settings.gradle' (C:\Users\Ana\Documents\GitHub\cardboard-java\gradle\caches\2.2.1\scripts\settings_145a8x0v8nxub1wg12xk9zky6\SettingsScript\buildscript).
11:29:23.821 [DEBUG] [org.gradle.cache.internal.DefaultFileLockManager] Releasing lock on no_buildscript class cache for settings file 'C:\Users\Ana\Documents\GitHub\cardboard-java\settings.gradle' (C:\Users\Ana\Documents\GitHub\cardboard-java\gradle\caches\2.2.1\scripts\settings_145a8x0v8nxub1wg12xk9zky6\SettingsScript\no_buildscript).
11:29:23.822 [DEBUG] [org.gradle.cache.internal.DefaultFileLockManager] Releasing lock on buildscript class cache for build file 'C:\Users\Ana\Documents\GitHub\cardboard-java\build.gradle' (C:\Users\Ana\Documents\GitHub\cardboard-java\gradle\caches\2.2.1\scripts\build_76ccpnfyjhh4stv9qh3r8a7uw\ProjectScript\buildscript).
11:29:23.822 [DEBUG] [org.gradle.cache.internal.DefaultFileLockManager] Releasing lock on no_buildscript class cache for build file 'C:\Users\Ana\Documents\GitHub\cardboard-java\build.gradle' (C:\Users\Ana\Documents\GitHub\cardboard-java\gradle\caches\2.2.1\scripts\build_76ccpnfyjhh4stv9qh3r8a7uw\ProjectScript\no_buildscript).
11:29:23.823 [DEBUG] [org.gradle.cache.internal.DefaultFileLockManager] Releasing lock on buildscript class cache for build file 'C:\Users\Ana\Documents\GitHub\cardboard-java\CardboardSample\build.gradle' (C:\Users\Ana\Documents\GitHub\cardboard-java\gradle\caches\2.2.1\scripts\build_81fmsdhlvddg4vwbhcxbhzur7\ProjectScript\buildscript).
11:29:23.823 [DEBUG] [org.gradle.cache.internal.DefaultFileLockManager] Releasing lock on no_buildscript class cache for build file 'C:\Users\Ana\Documents\GitHub\cardboard-java\CardboardSample\build.gradle' (C:\Users\Ana\Documents\GitHub\cardboard-java\gradle\caches\2.2.1\scripts\build_81fmsdhlvddg4vwbhcxbhzur7\ProjectScript\no_buildscript).
11:29:23.824 [DEBUG] [org.gradle.cache.internal.DefaultCacheAccess] Cache jars (C:\Users\Ana\Documents\GitHub\cardboard-java\gradle\caches\jars-1) was closed 0 times.
11:29:23.825 [DEBUG] [org.gradle.cache.internal.DefaultCacheAccess] Cache Plugin Resolution Cache (C:\Users\Ana\Documents\GitHub\cardboard-java\gradle\caches\2.2.1\plugin-resolution) was closed 0 times.
11:29:23.825 [DEBUG] [org.gradle.cache.internal.DefaultFileLockManager] Releasing lock on artifact cache (C:\Users\Ana\Documents\GitHub\cardboard-java\gradle\caches\modules-2).
11:29:23.829 [DEBUG] [org.gradle.cache.internal.btree.BTreePersistentIndexedCache] Closing cache outputFileStates.bin (C:\Users\Ana\Documents\GitHub\cardboard-java\.gradle\2.2.1\taskArtifacts\outputFileStates.bin)
11:29:23.831 [DEBUG] [org.gradle.cache.internal.btree.BTreePersistentIndexedCache] Closing cache fileSnapshots.bin (C:\Users\Ana\Documents\GitHub\cardboard-java\.gradle\2.2.1\taskArtifacts\fileSnapshots.bin)
11:29:23.832 [DEBUG] [org.gradle.cache.internal.btree.BTreePersistentIndexedCache] Closing cache taskArtifacts.bin (C:\Users\Ana\Documents\GitHub\cardboard-java\.gradle\2.2.1\taskArtifacts\taskArtifacts.bin)
11:29:23.833 [DEBUG] [org.gradle.cache.internal.btree.BTreePersistentIndexedCache] Closing cache fileHashes.bin (C:\Users\Ana\Documents\GitHub\cardboard-java\.gradle\2.2.1\taskArtifacts\fileHashes.bin)
11:29:23.835 [DEBUG] [org.gradle.cache.internal.DefaultFileLockManager] Releasing lock on task history cache (C:\Users\Ana\Documents\GitHub\cardboard-java\.gradle\2.2.1\taskArtifacts).
11:29:23.843 [DEBUG] [org.gradle.api.internal.artifacts.ivyservice.resolveengine.store.CachedStoreFactory] Resolution result cache closed. Cache reads: 0, disk reads: 2 (avg: 0.001 secs, total: 0.003 secs)
11:29:23.845 [DEBUG] [org.gradle.api.internal.artifacts.ivyservice.resolveengine.store.CachedStoreFactory] Resolved configuration cache closed. Cache reads: 0, disk reads: 0 (avg: 0.0 secs, total: 0.0 secs)
11:29:23.846 [DEBUG] [org.gradle.api.internal.artifacts.ivyservice.resolveengine.store.ResolutionResultsStoreFactory] Deleted 2 resolution results binary files in 0.004 secs
11:29:23.847 [DEBUG] [org.gradle.api.internal.artifacts.ivyservice.ivyresolve.memcache.InMemoryCachedRepositoryFactory] In-memory dependency metadata cache closed. Repos cached: 14, cache instances: 4, modules served from cache: 17, artifacts: 17
11:29:23.848 [DEBUG] [org.gradle.launcher.daemon.server.exec.ExecuteBuild] The daemon has finished executing the build.
11:29:23.851 [DEBUG] [org.gradle.launcher.daemon.server.DaemonStateCoordinator] Command execution: finished waiting for DaemonCommandExecution[command = Build{id=41b21206-8821-4ad0-b002-8ae2cc859191.1, currentDir=C:\Users\Ana\Documents\GitHub\cardboard-java}, connection = org.gradle.launcher.daemon.server.DefaultDaemonConnection@5d742c25]. Result org.gradle.launcher.daemon.server.DaemonStateCoordinator@11ef32a5 with state Running
11:29:23.852 [DEBUG] [org.gradle.launcher.daemon.server.DaemonStateCoordinator] Command execution: completed DaemonCommandExecution[command = Build{id=41b21206-8821-4ad0-b002-8ae2cc859191.1, currentDir=C:\Users\Ana\Documents\GitHub\cardboard-java}, connection = org.gradle.launcher.daemon.server.DefaultDaemonConnection@5d742c25]
11:29:23.852 [DEBUG] [org.gradle.launcher.daemon.server.DaemonStateCoordinator] updating lastActivityAt to 1422721763852
11:29:23.853 [INFO] [org.gradle.launcher.daemon.server.DomainRegistryUpdater] Marking the daemon as idle, address: [3ad91722-eb79-49da-b28c-1fdb10b256e1 port:62621, addresses:[/127.0.0.1, /0:0:0:0:0:0:0:1]]
11:29:23.853 [DEBUG] [org.gradle.launcher.daemon.registry.PersistentDaemonRegistry] Marking idle by address: [3ad91722-eb79-49da-b28c-1fdb10b256e1 port:62621, addresses:[/127.0.0.1, /0:0:0:0:0:0:0:1]]
11:29:23.856 [DEBUG] [org.gradle.cache.internal.DefaultFileLockManager] Waiting to acquire exclusive lock on daemon addresses registry.
11:29:23.856 [DEBUG] [org.gradle.cache.internal.DefaultFileLockManager] Lock acquired.
11:29:23.863 [DEBUG] [org.gradle.cache.internal.DefaultFileLockManager] Releasing lock on daemon addresses registry.
11:29:23.864 [DEBUG] [org.gradle.launcher.daemon.server.exec.ReturnResult] Daemon is dispatching the build result: DaemonCommandResult[type=Success, value=org.gradle.tooling.internal.provider.BuildActionResult@21b1e3d4]
11:29:23.864 [DEBUG] [org.gradle.launcher.daemon.server.SynchronizedDispatchConnection] thread 13: dispatching class org.gradle.launcher.daemon.protocol.Success
11:29:23.870 [DEBUG] [org.gradle.launcher.daemon.server.DaemonStateCoordinator] Daemon is idle, sleeping until state change or idle timeout at Sat Jan 31 14:29:23 EST 2015
11:29:23.871 [DEBUG] [org.gradle.launcher.daemon.server.DefaultIncomingConnectionHandler] Finishing executing command: Build{id=41b21206-8821-4ad0-b002-8ae2cc859191.1, currentDir=C:\Users\Ana\Documents\GitHub\cardboard-java}
11:29:23.873 [DEBUG] [org.gradle.launcher.daemon.server.SynchronizedDispatchConnection] thread 19: received class org.gradle.launcher.daemon.protocol.Finished
11:29:23.873 [DEBUG] [org.gradle.launcher.daemon.server.DefaultDaemonConnection] Received non-IO message from client: org.gradle.launcher.daemon.protocol.Finished@560931d5
11:29:23.874 [DEBUG] [org.gradle.launcher.daemon.server.SynchronizedDispatchConnection] thread 19: received null
11:29:23.874 [DEBUG] [org.gradle.launcher.daemon.server.DefaultDaemonConnection] Received end-of-input from client.
11:29:23.898 [DEBUG] [org.gradle.launcher.daemon.server.DefaultIncomingConnectionHandler] Received finished message: null
11:29:23.898 [DEBUG] [org.gradle.launcher.daemon.server.SynchronizedDispatchConnection] thread 13: stopping connection
11:29:23.900 [DEBUG] [org.gradle.launcher.daemon.server.SynchronizedDispatchConnection] thread 13: stopping connection
11:29:31.114 [DEBUG] [org.gradle.messaging.remote.internal.inet.TcpIncomingConnector] Accepted connection from /127.0.0.1:62690 to /127.0.0.1:62621.
11:29:31.200 [DEBUG] [org.gradle.launcher.daemon.server.SynchronizedDispatchConnection] thread 36: received class org.gradle.launcher.daemon.protocol.Build
11:29:31.201 [DEBUG] [org.gradle.launcher.daemon.server.DefaultDaemonConnection] Received non-IO message from client: Build{id=38d479f5-2915-4f66-84ec-192ba6180b72.1, currentDir=C:\Users\Ana\Documents\GitHub\cardboard-java}
11:29:31.208 [INFO] [org.gradle.launcher.daemon.server.DefaultIncomingConnectionHandler] Received command: Build{id=38d479f5-2915-4f66-84ec-192ba6180b72.1, currentDir=C:\Users\Ana\Documents\GitHub\cardboard-java}.
11:29:31.244 [DEBUG] [org.gradle.launcher.daemon.server.DefaultIncomingConnectionHandler] Starting executing command: Build{id=38d479f5-2915-4f66-84ec-192ba6180b72.1, currentDir=C:\Users\Ana\Documents\GitHub\cardboard-java} with connection: socket connection from /127.0.0.1:62621 to /127.0.0.1:62690.
11:29:31.245 [DEBUG] [org.gradle.launcher.daemon.server.DaemonStateCoordinator] Command execution: started DaemonCommandExecution[command = Build{id=38d479f5-2915-4f66-84ec-192ba6180b72.1, currentDir=C:\Users\Ana\Documents\GitHub\cardboard-java}, connection = org.gradle.launcher.daemon.server.DefaultDaemonConnection@2e94aa26] after 0.0 minutes of idle
11:29:31.245 [INFO] [org.gradle.launcher.daemon.server.DomainRegistryUpdater] Marking the daemon as busy, address: [3ad91722-eb79-49da-b28c-1fdb10b256e1 port:62621, addresses:[/127.0.0.1, /0:0:0:0:0:0:0:1]]
11:29:31.246 [DEBUG] [org.gradle.launcher.daemon.registry.PersistentDaemonRegistry] Marking busy by address: [3ad91722-eb79-49da-b28c-1fdb10b256e1 port:62621, addresses:[/127.0.0.1, /0:0:0:0:0:0:0:1]]
11:29:31.247 [DEBUG] [org.gradle.cache.internal.DefaultFileLockManager] Waiting to acquire exclusive lock on daemon addresses registry.
11:29:31.248 [DEBUG] [org.gradle.cache.internal.DefaultFileLockManager] Lock acquired.
11:29:31.285 [DEBUG] [org.gradle.cache.internal.DefaultFileLockManager] Releasing lock on daemon addresses registry.
11:29:31.287 [DEBUG] [org.gradle.launcher.daemon.server.DaemonStateCoordinator] updating lastActivityAt to 1422721771287
11:29:31.289 [INFO] [org.gradle.launcher.daemon.server.exec.StartBuildOrRespondWithBusy] Daemon is about to start building Build{id=38d479f5-2915-4f66-84ec-192ba6180b72.1, currentDir=C:\Users\Ana\Documents\GitHub\cardboard-java}. Dispatching build started information...
11:29:31.292 [DEBUG] [org.gradle.launcher.daemon.server.SynchronizedDispatchConnection] thread 16: dispatching class org.gradle.launcher.daemon.protocol.BuildStarted
11:29:31.289 [DEBUG] [org.gradle.launcher.daemon.server.DaemonStateCoordinator] Daemon is busy, sleeping until state changes.
11:29:31.306 [DEBUG] [org.gradle.launcher.daemon.server.exec.EstablishBuildEnvironment] Configuring env variables: {USERPROFILE=C:\Users\Ana, ADSKFLEX_LICENSE_FILE=@license.design.harvard.edu;@designapps.design.harvard.edu;@ectoplasm.design.harvard.edu;, ILLDIR=C:\Program Files (x86)\Common Files\Autodesk Shared\Materials\, SystemDrive=C:, Path=C:\DAYSIM\lib\;C:\DAYSIM\bin\;.;C:\DIVA\Radiance\bin\;C:\DIVA\Radiance\lib\;C:\DIVA\DaysimBinaries\;C:\WINDOWS\system32;C:\WINDOWS;C:\WINDOWS\System32\Wbem;C:\WINDOWS\System32\WindowsPowerShell\v1.0\;C:\Program Files\Common Files\Autodesk Shared\;C:\Program Files (x86)\Calibre2\;c:\Program Files (x86)\Microsoft SQL Server\100\Tools\Binn\;c:\Program Files\Microsoft SQL Server\100\Tools\Binn\;c:\Program Files\Microsoft SQL Server\100\DTS\Binn\;C:\Program Files (x86)\QuickTime\QTSystem\;C:\Program Files (x86)\Windows Live\Shared;C:\Users\Ana\AppData\Roaming\nvm;C:\Program Files\nodejs;C:\DAYSIM\lib\;C:\DAYSIM\bin\;.;C:\DIVA\Radiance\bin\;C:\DIVA\Radiance\lib\;C:\DIVA\DaysimBinaries\;C:\Users\Ana\AppData\Roaming\npm;c:\Users\Ana\AppData\Local\atom\bin;C:\Users\Ana\AppData\Roaming\nvm;C:\Program Files\nodejs, ILMDIR=C:\Program Files (x86)\Common Files\Autodesk Shared\Materials\, PROCESSOR_REVISION=170a, KINECTSDK10_DIR=C:\Program Files\Microsoft SDKs\Kinect\v1.8\, USERDOMAIN=ANAGPUYOL, ALLUSERSPROFILE=C:\ProgramData, CM2013DIR=C:\Program Files (x86)\Common Files\Autodesk Shared\Materials\, SESSIONNAME=Console, TMP=C:\Users\Ana\AppData\Local\Temp, CATNoStartDocument=Yes, =::=::\, CommonProgramFiles=C:\Program Files\Common Files, LOGONSERVER=\\MicrosoftAccount, PROCESSOR_LEVEL=6, USERDOMAIN_ROAMINGPROFILE=ANAGPUYOL, LOCALAPPDATA=C:\Users\Ana\AppData\Local, ILBDIR=C:\Program Files (x86)\Common Files\Autodesk Shared\Materials\, COMPUTERNAME=ANAGPUYOL, asl.log=Destination=file, SystemRoot=C:\WINDOWS, USERNAME=Ana, CM2014DIR=C:\Program Files (x86)\Common Files\Autodesk Shared\Materials\, APPDATA=C:\Users\Ana\AppData\Roaming, NVM_SYMLINK=C:\Program Files\nodejs, ProgramData=C:\ProgramData, PATHEXT=.COM;.EXE;.BAT;.CMD;.VBS;.VBE;.JS;.JSE;.WSF;.WSH;.MSC, ProgramFiles(x86)=C:\Program Files (x86), TEMP=C:\Users\Ana\AppData\Local\Temp, ProgramFiles=C:\Program Files, HOMEDRIVE=C:, NVM_HOME=C:\Users\Ana\AppData\Roaming\nvm, ProgramW6432=C:\Program Files, PROCESSOR_IDENTIFIER=Intel64 Family 6 Model 23 Stepping 10, GenuineIntel, CM2015DIR=C:\Program Files (x86)\Common Files\Autodesk Shared\Materials\, PROCESSOR_ARCHITECTURE=AMD64, FP_NO_HOST_CHECK=NO, OS=Windows_NT, HOMEPATH=\Users\Ana, FTSDK_DIR=C:\Program Files\Microsoft SDKs\Kinect\Developer Toolkit v1.8.0\, CommonProgramW6432=C:\Program Files\Common Files, RAYPATH=C:\DAYSIM\lib\;C:\DAYSIM\bin\;.;C:\DIVA\Radiance\bin\;C:\DIVA\Radiance\lib\;C:\DIVA\DaysimBinaries\, KINECT_TOOLKIT_DIR=C:\Program Files\Microsoft SDKs\Kinect\Developer Toolkit v1.8.0\, windir=C:\WINDOWS, NUMBER_OF_PROCESSORS=2, PSModulePath=C:\WINDOWS\system32\WindowsPowerShell\v1.0\Modules\, PUBLIC=C:\Users\Public, CommonProgramFiles(x86)=C:\Program Files (x86)\Common Files, ComSpec=C:\WINDOWS\system32\cmd.exe}
11:29:31.321 [INFO] [org.gradle.launcher.daemon.server.exec.LogToClient] About to start relaying all logs to the client via the connection.
11:29:31.321 [INFO] [org.gradle.launcher.daemon.server.exec.LogToClient] The client will now receive all logging from the daemon (pid: 5356). The daemon log file: C:\Users\Ana\Documents\GitHub\cardboard-java\gradle\daemon\2.2.1\daemon-5356.out.log
11:29:31.322 [DEBUG] [org.gradle.launcher.daemon.server.exec.ExecuteBuild] The daemon has started executing the build.
11:29:31.322 [INFO] [org.gradle.launcher.daemon.server.exec.ExecuteBuild] Executing build with daemon context: DefaultDaemonContext[uid=ca136a1f-90dd-4510-8fa3-9a6526258a0e,javaHome=C:\Program Files\Java\jdk1.7.0_71,daemonRegistryDir=C:\Users\Ana\Documents\GitHub\cardboard-java\gradle\daemon,pid=5356,idleTimeout=10800000,daemonOpts=-XX:MaxPermSize=256m,-XX:+HeapDumpOnOutOfMemoryError,-Xmx1024m,-Dfile.encoding=windows-1252,-Duser.country=US,-Duser.language=en,-Duser.variant]
11:29:31.342 [DEBUG] [org.gradle.launcher.daemon.server.SynchronizedDispatchConnection] thread 36: received class org.gradle.launcher.daemon.protocol.CloseInput
11:29:31.342 [DEBUG] [org.gradle.launcher.daemon.server.DefaultDaemonConnection] Received IO message from client: CloseInput[id=38d479f5-2915-4f66-84ec-192ba6180b72.2]
11:29:31.343 [INFO] [org.gradle.launcher.daemon.server.exec.ForwardClientInput] Closing daemon's stdin at end of input.
11:29:31.344 [INFO] [org.gradle.launcher.daemon.server.exec.ForwardClientInput] The daemon will no longer process any standard input.
Configuration on demand is an incubating feature.
:CardboardSample:preBuild
:CardboardSample:compileDebugNdk
:CardboardSample:preDebugBuild
:CardboardSample:checkDebugManifest
:CardboardSample:prepareDebugDependencies
:CardboardSample:compileDebugAidl UP-TO-DATE
:CardboardSample:compileDebugRenderscript UP-TO-DATE
:CardboardSample:generateDebugBuildConfig UP-TO-DATE
:CardboardSample:generateDebugAssets UP-TO-DATE
:CardboardSample:mergeDebugAssets UP-TO-DATE
:CardboardSample:generateDebugResValues UP-TO-DATE
:CardboardSample:generateDebugResources UP-TO-DATE
:CardboardSample:mergeDebugResources UP-TO-DATE
:CardboardSample:processDebugManifest UP-TO-DATE
:CardboardSample:processDebugResources UP-TO-DATE
:CardboardSample:generateDebugSources UP-TO-DATE
:CardboardSample:compileDebugJava
:CardboardSample:preDexDebug
:CardboardSample:dexDebug
:CardboardSample:processDebugJavaRes UP-TO-DATE
:CardboardSample:validateDebugSigning
:CardboardSample:packageDebug
:CardboardSample:zipalignDebug
:CardboardSample:assembleDebug

BUILD SUCCESSFUL

Total time: 46.182 secs
11:30:17.085 [DEBUG] [org.gradle.api.internal.tasks.compile.daemon.CompilerDaemonManager] Stopping 0 compiler daemon(s).
11:30:17.085 [INFO] [org.gradle.api.internal.tasks.compile.daemon.CompilerDaemonManager] Stopped 0 compiler daemon(s).
11:30:17.086 [DEBUG] [org.gradle.cache.internal.DefaultFileLockManager] Releasing lock on initscript class cache for initialization script 'C:\Users\Ana\AppData\Local\Temp\asLocalRepo8774203382280295297.gradle' (C:\Users\Ana\Documents\GitHub\cardboard-java\gradle\caches\2.2.1\scripts\asLocalRepo8774203382280295297_39p4gporutnsvcy2ekbc6mlx4\InitScript\initscript).
11:30:17.087 [DEBUG] [org.gradle.cache.internal.DefaultFileLockManager] Releasing lock on no_initscript class cache for initialization script 'C:\Users\Ana\AppData\Local\Temp\asLocalRepo8774203382280295297.gradle' (C:\Users\Ana\Documents\GitHub\cardboard-java\gradle\caches\2.2.1\scripts\asLocalRepo8774203382280295297_39p4gporutnsvcy2ekbc6mlx4\InitScript\no_initscript).
11:30:17.087 [DEBUG] [org.gradle.cache.internal.DefaultFileLockManager] Releasing lock on buildscript class cache for settings file 'C:\Users\Ana\Documents\GitHub\cardboard-java\settings.gradle' (C:\Users\Ana\Documents\GitHub\cardboard-java\gradle\caches\2.2.1\scripts\settings_145a8x0v8nxub1wg12xk9zky6\SettingsScript\buildscript).
11:30:17.088 [DEBUG] [org.gradle.cache.internal.DefaultFileLockManager] Releasing lock on no_buildscript class cache for settings file 'C:\Users\Ana\Documents\GitHub\cardboard-java\settings.gradle' (C:\Users\Ana\Documents\GitHub\cardboard-java\gradle\caches\2.2.1\scripts\settings_145a8x0v8nxub1wg12xk9zky6\SettingsScript\no_buildscript).
11:30:17.089 [DEBUG] [org.gradle.cache.internal.DefaultFileLockManager] Releasing lock on buildscript class cache for build file 'C:\Users\Ana\Documents\GitHub\cardboard-java\build.gradle' (C:\Users\Ana\Documents\GitHub\cardboard-java\gradle\caches\2.2.1\scripts\build_76ccpnfyjhh4stv9qh3r8a7uw\ProjectScript\buildscript).
11:30:17.089 [DEBUG] [org.gradle.cache.internal.DefaultFileLockManager] Releasing lock on no_buildscript class cache for build file 'C:\Users\Ana\Documents\GitHub\cardboard-java\build.gradle' (C:\Users\Ana\Documents\GitHub\cardboard-java\gradle\caches\2.2.1\scripts\build_76ccpnfyjhh4stv9qh3r8a7uw\ProjectScript\no_buildscript).
11:30:17.090 [DEBUG] [org.gradle.cache.internal.DefaultFileLockManager] Releasing lock on buildscript class cache for build file 'C:\Users\Ana\Documents\GitHub\cardboard-java\CardboardSample\build.gradle' (C:\Users\Ana\Documents\GitHub\cardboard-java\gradle\caches\2.2.1\scripts\build_81fmsdhlvddg4vwbhcxbhzur7\ProjectScript\buildscript).
11:30:17.090 [DEBUG] [org.gradle.cache.internal.DefaultFileLockManager] Releasing lock on no_buildscript class cache for build file 'C:\Users\Ana\Documents\GitHub\cardboard-java\CardboardSample\build.gradle' (C:\Users\Ana\Documents\GitHub\cardboard-java\gradle\caches\2.2.1\scripts\build_81fmsdhlvddg4vwbhcxbhzur7\ProjectScript\no_buildscript).
11:30:17.091 [DEBUG] [org.gradle.cache.internal.DefaultFileLockManager] Releasing lock on artifact cache (C:\Users\Ana\Documents\GitHub\cardboard-java\gradle\caches\modules-2).
11:30:17.092 [DEBUG] [org.gradle.cache.internal.DefaultCacheAccess] Cache Plugin Resolution Cache (C:\Users\Ana\Documents\GitHub\cardboard-java\gradle\caches\2.2.1\plugin-resolution) was closed 0 times.
11:30:17.093 [DEBUG] [org.gradle.cache.internal.DefaultCacheAccess] Cache jars (C:\Users\Ana\Documents\GitHub\cardboard-java\gradle\caches\jars-1) was closed 0 times.
11:30:17.094 [DEBUG] [org.gradle.cache.internal.btree.BTreePersistentIndexedCache] Closing cache outputFileStates.bin (C:\Users\Ana\Documents\GitHub\cardboard-java\.gradle\2.2.1\taskArtifacts\outputFileStates.bin)
11:30:17.095 [DEBUG] [org.gradle.cache.internal.btree.BTreePersistentIndexedCache] Closing cache fileSnapshots.bin (C:\Users\Ana\Documents\GitHub\cardboard-java\.gradle\2.2.1\taskArtifacts\fileSnapshots.bin)
11:30:17.096 [DEBUG] [org.gradle.cache.internal.btree.BTreePersistentIndexedCache] Closing cache fileHashes.bin (C:\Users\Ana\Documents\GitHub\cardboard-java\.gradle\2.2.1\taskArtifacts\fileHashes.bin)
11:30:17.096 [DEBUG] [org.gradle.cache.internal.btree.BTreePersistentIndexedCache] Closing cache taskArtifacts.bin (C:\Users\Ana\Documents\GitHub\cardboard-java\.gradle\2.2.1\taskArtifacts\taskArtifacts.bin)
11:30:17.097 [DEBUG] [org.gradle.cache.internal.DefaultFileLockManager] Releasing lock on task history cache (C:\Users\Ana\Documents\GitHub\cardboard-java\.gradle\2.2.1\taskArtifacts).
11:30:17.099 [DEBUG] [org.gradle.api.internal.artifacts.ivyservice.resolveengine.store.CachedStoreFactory] Resolution result cache closed. Cache reads: 0, disk reads: 2 (avg: 0.011 secs, total: 0.023 secs)
11:30:17.100 [DEBUG] [org.gradle.api.internal.artifacts.ivyservice.resolveengine.store.CachedStoreFactory] Resolved configuration cache closed. Cache reads: 0, disk reads: 0 (avg: 0.0 secs, total: 0.0 secs)
11:30:17.100 [DEBUG] [org.gradle.api.internal.artifacts.ivyservice.resolveengine.store.ResolutionResultsStoreFactory] Deleted 2 resolution results binary files in 0.002 secs
11:30:17.105 [DEBUG] [org.gradle.api.internal.artifacts.ivyservice.ivyresolve.memcache.InMemoryCachedRepositoryFactory] In-memory dependency metadata cache closed. Repos cached: 14, cache instances: 4, modules served from cache: 17, artifacts: 17
11:30:17.105 [DEBUG] [org.gradle.launcher.daemon.server.exec.ExecuteBuild] The daemon has finished executing the build.
11:30:17.112 [DEBUG] [org.gradle.launcher.daemon.server.DaemonStateCoordinator] Command execution: finished waiting for DaemonCommandExecution[command = Build{id=38d479f5-2915-4f66-84ec-192ba6180b72.1, currentDir=C:\Users\Ana\Documents\GitHub\cardboard-java}, connection = org.gradle.launcher.daemon.server.DefaultDaemonConnection@2e94aa26]. Result org.gradle.launcher.daemon.server.DaemonStateCoordinator@11ef32a5 with state Running
11:30:17.113 [DEBUG] [org.gradle.launcher.daemon.server.DaemonStateCoordinator] Command execution: completed DaemonCommandExecution[command = Build{id=38d479f5-2915-4f66-84ec-192ba6180b72.1, currentDir=C:\Users\Ana\Documents\GitHub\cardboard-java}, connection = org.gradle.launcher.daemon.server.DefaultDaemonConnection@2e94aa26]
11:30:17.114 [DEBUG] [org.gradle.launcher.daemon.server.DaemonStateCoordinator] updating lastActivityAt to 1422721817114
11:30:17.114 [INFO] [org.gradle.launcher.daemon.server.DomainRegistryUpdater] Marking the daemon as idle, address: [3ad91722-eb79-49da-b28c-1fdb10b256e1 port:62621, addresses:[/127.0.0.1, /0:0:0:0:0:0:0:1]]
11:30:17.115 [DEBUG] [org.gradle.launcher.daemon.registry.PersistentDaemonRegistry] Marking idle by address: [3ad91722-eb79-49da-b28c-1fdb10b256e1 port:62621, addresses:[/127.0.0.1, /0:0:0:0:0:0:0:1]]
11:30:17.117 [DEBUG] [org.gradle.cache.internal.DefaultFileLockManager] Waiting to acquire exclusive lock on daemon addresses registry.
11:30:17.119 [DEBUG] [org.gradle.cache.internal.DefaultFileLockManager] Lock acquired.
11:30:17.126 [DEBUG] [org.gradle.cache.internal.DefaultFileLockManager] Releasing lock on daemon addresses registry.
11:30:17.127 [DEBUG] [org.gradle.launcher.daemon.server.exec.ReturnResult] Daemon is dispatching the build result: DaemonCommandResult[type=Success, value=org.gradle.tooling.internal.provider.BuildActionResult@46d40021]
11:30:17.127 [DEBUG] [org.gradle.launcher.daemon.server.DaemonStateCoordinator] Daemon is idle, sleeping until state change or idle timeout at Sat Jan 31 14:30:17 EST 2015
11:30:17.127 [DEBUG] [org.gradle.launcher.daemon.server.SynchronizedDispatchConnection] thread 13: dispatching class org.gradle.launcher.daemon.protocol.Success
11:30:17.130 [DEBUG] [org.gradle.launcher.daemon.server.DefaultIncomingConnectionHandler] Finishing executing command: Build{id=38d479f5-2915-4f66-84ec-192ba6180b72.1, currentDir=C:\Users\Ana\Documents\GitHub\cardboard-java}
11:30:17.354 [DEBUG] [org.gradle.launcher.daemon.server.SynchronizedDispatchConnection] thread 36: received class org.gradle.launcher.daemon.protocol.Finished
11:30:17.355 [DEBUG] [org.gradle.launcher.daemon.server.DefaultDaemonConnection] Received non-IO message from client: org.gradle.launcher.daemon.protocol.Finished@5af21858
11:30:17.355 [DEBUG] [org.gradle.launcher.daemon.server.SynchronizedDispatchConnection] thread 36: received null
11:30:17.356 [DEBUG] [org.gradle.launcher.daemon.server.DefaultDaemonConnection] Received end-of-input from client.
11:30:17.357 [DEBUG] [org.gradle.launcher.daemon.server.DefaultIncomingConnectionHandler] Received finished message: null
11:30:17.358 [DEBUG] [org.gradle.launcher.daemon.server.SynchronizedDispatchConnection] thread 13: stopping connection
11:30:17.360 [DEBUG] [org.gradle.launcher.daemon.server.SynchronizedDispatchConnection] thread 13: stopping connection
14:30:17.115 [DEBUG] [org.gradle.launcher.daemon.server.DaemonStateCoordinator] Idle timeout: daemon has been idle for requested period. Stopping now.
14:30:17.116 [DEBUG] [org.gradle.launcher.daemon.server.DaemonStateCoordinator] Marking daemon stopped due to idle timeout. The daemon is running a build: false
14:30:17.116 [DEBUG] [org.gradle.launcher.daemon.server.Daemon] stop() called on daemon
14:30:17.116 [INFO] [org.gradle.launcher.daemon.server.Daemon] Stop requested. Daemon is removing its presence from the registry...
14:30:17.118 [DEBUG] [org.gradle.launcher.daemon.server.DomainRegistryUpdater] Removing our presence to clients, eg. removing this address from the registry: [3ad91722-eb79-49da-b28c-1fdb10b256e1 port:62621, addresses:[/127.0.0.1, /0:0:0:0:0:0:0:1]]
14:30:17.118 [DEBUG] [org.gradle.launcher.daemon.registry.PersistentDaemonRegistry] Removing daemon address: [3ad91722-eb79-49da-b28c-1fdb10b256e1 port:62621, addresses:[/127.0.0.1, /0:0:0:0:0:0:0:1]]
14:30:17.127 [DEBUG] [org.gradle.cache.internal.DefaultFileLockManager] Waiting to acquire exclusive lock on daemon addresses registry.
14:30:17.128 [DEBUG] [org.gradle.cache.internal.DefaultFileLockManager] Lock acquired.
14:30:17.132 [DEBUG] [org.gradle.cache.internal.DefaultFileLockManager] Releasing lock on daemon addresses registry.
14:30:17.133 [DEBUG] [org.gradle.launcher.daemon.server.DomainRegistryUpdater] Address removed from registry.
Daemon vm is shutting down... The daemon has exited normally or was terminated in response to a user interrupt.
14:30:17.143 [DEBUG] [org.gradle.launcher.daemon.registry.PersistentDaemonRegistry] Removing daemon address: [3ad91722-eb79-49da-b28c-1fdb10b256e1 port:62621, addresses:[/127.0.0.1, /0:0:0:0:0:0:0:1]]
14:30:17.144 [DEBUG] [org.gradle.cache.internal.DefaultFileLockManager] Waiting to acquire exclusive lock on daemon addresses registry.
14:30:17.145 [DEBUG] [org.gradle.cache.internal.DefaultFileLockManager] Lock acquired.
14:30:17.149 [DEBUG] [org.gradle.cache.internal.DefaultFileLockManager] Releasing lock on daemon addresses registry.
